Using pre-set license
Built from '2022.3/staging' branch; Version is '2022.3.13f1 (5f90a5ebde0f) revision 6262949'; Using compiler version '192829333'; Build Type 'Release'
OS: 'Windows 10  (10.0.19045) 64bit Enterprise' Language: 'ru' Physical Memory: 32716 MB
BatchMode: 1, IsHumanControllingUs: 0, StartBugReporterOnCrash: 0, Is64bit: 1, IsPro: 1

COMMAND LINE ARGUMENTS:
D:\Unity\2022.3.13f1\Editor\Unity.exe
-adb2
-batchMode
-noUpm
-name
AssetImportWorker0
-projectPath
D:/UnityProjects/The Haze
-logFile
Logs/AssetImportWorker0.log
-srvPort
58456
Successfully changed project path to: D:/UnityProjects/The Haze
D:/UnityProjects/The Haze
[UnityMemory] Configuration Parameters - Can be set up in boot.config
    "memorysetup-bucket-allocator-granularity=16"
    "memorysetup-bucket-allocator-bucket-count=8"
    "memorysetup-bucket-allocator-block-size=33554432"
    "memorysetup-bucket-allocator-block-count=8"
    "memorysetup-main-allocator-block-size=16777216"
    "memorysetup-thread-allocator-block-size=16777216"
    "memorysetup-gfx-main-allocator-block-size=16777216"
    "memorysetup-gfx-thread-allocator-block-size=16777216"
    "memorysetup-cache-allocator-block-size=4194304"
    "memorysetup-typetree-allocator-block-size=2097152"
    "memorysetup-profiler-bucket-allocator-granularity=16"
    "memorysetup-profiler-bucket-allocator-bucket-count=8"
    "memorysetup-profiler-bucket-allocator-block-size=33554432"
    "memorysetup-profiler-bucket-allocator-block-count=8"
    "memorysetup-profiler-allocator-block-size=16777216"
    "memorysetup-profiler-editor-allocator-block-size=1048576"
    "memorysetup-temp-allocator-size-main=16777216"
    "memorysetup-job-temp-allocator-block-size=2097152"
    "memorysetup-job-temp-allocator-block-size-background=1048576"
    "memorysetup-job-temp-allocator-reduction-small-platforms=262144"
    "memorysetup-allocator-temp-initial-block-size-main=262144"
    "memorysetup-allocator-temp-initial-block-size-worker=262144"
    "memorysetup-temp-allocator-size-background-worker=32768"
    "memorysetup-temp-allocator-size-job-worker=262144"
    "memorysetup-temp-allocator-size-preload-manager=33554432"
    "memorysetup-temp-allocator-size-nav-mesh-worker=65536"
    "memorysetup-temp-allocator-size-audio-worker=65536"
    "memorysetup-temp-allocator-size-cloud-worker=32768"
    "memorysetup-temp-allocator-size-gi-baking-worker=262144"
    "memorysetup-temp-allocator-size-gfx=262144"
Player connection [8904] Host "[IP] 192.168.0.111 [Port] 0 [Flags] 2 [Guid] 3906636308 [EditorId] 3906636308 [Version] 1048832 [Id] WindowsEditor(7,OlegatrPC) [Debug] 1 [PackageName] WindowsEditor [ProjectName] Editor" joined multi-casting on [225.0.0.222:54997]...

Player connection [8904] Host "[IP] 192.168.0.111 [Port] 0 [Flags] 2 [Guid] 3906636308 [EditorId] 3906636308 [Version] 1048832 [Id] WindowsEditor(7,OlegatrPC) [Debug] 1 [PackageName] WindowsEditor [ProjectName] Editor" joined alternative multi-casting on [225.0.0.222:34997]...

[Physics::Module] Initialized MultithreadedJobDispatcher with 7 workers.
Refreshing native plugins compatible for Editor in 38.62 ms, found 4 plugins.
Preloading 0 native plugins for Editor in 0.00 ms.
Initialize engine version: 2022.3.13f1 (5f90a5ebde0f)
[Subsystems] Discovering subsystems at path D:/Unity/2022.3.13f1/Editor/Data/Resources/UnitySubsystems
[Subsystems] Discovering subsystems at path D:/UnityProjects/The Haze/Assets
GfxDevice: creating device client; threaded=0; jobified=0
Direct3D:
    Version:  Direct3D 11.0 [level 11.1]
    Renderer: NVIDIA GeForce GTX 1650 (ID=0x1f82)
    Vendor:   NVIDIA
    VRAM:     3950 MB
    Driver:   31.0.15.4601
Initialize mono
Mono path[0] = 'D:/Unity/2022.3.13f1/Editor/Data/Managed'
Mono path[1] = 'D:/Unity/2022.3.13f1/Editor/Data/MonoBleedingEdge/lib/mono/unityjit-win32'
Mono config path = 'D:/Unity/2022.3.13f1/Editor/Data/MonoBleedingEdge/etc'
Using monoOptions --debugger-agent=transport=dt_socket,embedding=1,server=y,suspend=n,address=127.0.0.1:56724
Begin MonoManager ReloadAssembly
Registering precompiled unity dll's ...
Register platform support module: D:/Unity/2022.3.13f1/Editor/Data/PlaybackEngines/WindowsStandaloneSupport/UnityEditor.WindowsStandalone.Extensions.dll
Registered in 0.027196 seconds.
- Loaded All Assemblies, in  0.593 seconds
Native extension for WindowsStandalone target not found
Mono: successfully reloaded assembly
- Finished resetting the current domain, in  0.386 seconds
Domain Reload Profiling: 968ms
	BeginReloadAssembly (207ms)
		ExecutionOrderSort (0ms)
		DisableScriptedObjects (0ms)
		BackupInstance (0ms)
		ReleaseScriptingObjects (0ms)
		CreateAndSetChildDomain (1ms)
	RebuildCommonClasses (55ms)
	RebuildNativeTypeToScriptingClass (17ms)
	initialDomainReloadingComplete (121ms)
	LoadAllAssembliesAndSetupDomain (181ms)
		LoadAssemblies (196ms)
		RebuildTransferFunctionScriptingTraits (0ms)
		AnalyzeDomain (178ms)
			TypeCache.Refresh (177ms)
				TypeCache.ScanAssembly (159ms)
			ScanForSourceGeneratedMonoScriptInfo (0ms)
			ResolveRequiredComponents (1ms)
	FinalizeReload (386ms)
		ReleaseScriptCaches (0ms)
		RebuildScriptCaches (0ms)
		SetupLoadedEditorAssemblies (298ms)
			LogAssemblyErrors (0ms)
			InitializePlatformSupportModulesInManaged (20ms)
			SetLoadedEditorAssemblies (10ms)
			RefreshPlugins (0ms)
			BeforeProcessingInitializeOnLoad (3ms)
			ProcessInitializeOnLoadAttributes (194ms)
			ProcessInitializeOnLoadMethodAttributes (71ms)
			AfterProcessingInitializeOnLoad (0ms)
			EditorAssembliesLoaded (0ms)
		ExecutionOrderSort2 (0ms)
		AwakeInstancesAfterBackupRestoration (0ms)
========================================================================
Worker process is ready to serve import requests
Begin MonoManager ReloadAssembly
- Loaded All Assemblies, in  1.147 seconds
Refreshing native plugins compatible for Editor in 17.58 ms, found 4 plugins.
Native extension for WindowsStandalone target not found
Package Manager log level set to [2]
[Package Manager] Server::EnsureServerProcessIsRunning -- launch failed, reason: Unity was launched with the -noUpm command-line argument
[Package Manager] UpmClient::Send -- Unable to send message (not connected to UPM process).
[Package Manager] Cannot connect to Unity Package Manager local server
Mono: successfully reloaded assembly
- Finished resetting the current domain, in  0.897 seconds
Domain Reload Profiling: 2023ms
	BeginReloadAssembly (262ms)
		ExecutionOrderSort (0ms)
		DisableScriptedObjects (8ms)
		BackupInstance (0ms)
		ReleaseScriptingObjects (0ms)
		CreateAndSetChildDomain (27ms)
	RebuildCommonClasses (48ms)
	RebuildNativeTypeToScriptingClass (16ms)
	initialDomainReloadingComplete (89ms)
	LoadAllAssembliesAndSetupDomain (710ms)
		LoadAssemblies (633ms)
		RebuildTransferFunctionScriptingTraits (0ms)
		AnalyzeDomain (239ms)
			TypeCache.Refresh (206ms)
				TypeCache.ScanAssembly (186ms)
			ScanForSourceGeneratedMonoScriptInfo (26ms)
			ResolveRequiredComponents (6ms)
	FinalizeReload (898ms)
		ReleaseScriptCaches (0ms)
		RebuildScriptCaches (0ms)
		SetupLoadedEditorAssemblies (692ms)
			LogAssemblyErrors (0ms)
			InitializePlatformSupportModulesInManaged (13ms)
			SetLoadedEditorAssemblies (5ms)
			RefreshPlugins (0ms)
			BeforeProcessingInitializeOnLoad (147ms)
			ProcessInitializeOnLoadAttributes (436ms)
			ProcessInitializeOnLoadMethodAttributes (57ms)
			AfterProcessingInitializeOnLoad (33ms)
			EditorAssembliesLoaded (0ms)
		ExecutionOrderSort2 (0ms)
		AwakeInstancesAfterBackupRestoration (9ms)
Launched and connected shader compiler UnityShaderCompiler.exe after 0.07 seconds
Refreshing native plugins compatible for Editor in 22.52 ms, found 4 plugins.
Preloading 0 native plugins for Editor in 0.00 ms.
Unloading 4016 Unused Serialized files (Serialized files now loaded: 0)
Unloading 70 unused Assets / (244.4 KB). Loaded Objects now: 4471.
Memory consumption went from 143.9 MB to 143.6 MB.
Total: 4.481300 ms (FindLiveObjects: 0.376400 ms CreateObjectMapping: 0.159800 ms MarkObjects: 3.558100 ms  DeleteObjects: 0.385700 ms)

AssetImportParameters requested are different than current active one (requested -> active):
  custom:container-demuxer-ogg: 62fdf1f143b41e24485cea50d1cbac27 -> 
  custom:video-decoder-ogg-theora: a1e56fd34408186e4bbccfd4996cb3dc -> 
  custom:framework-win-MediaFoundation: 216162199b28c13a410421893ffa2e32 -> 
  custom:CustomObjectIndexerAttribute: 756ad292c208cfabdd7b50bc23989ffe -> 
  custom:container-demuxer-webm: 4f35f7cbe854078d1ac9338744f61a02 -> 
  custom:container-muxer-webm: aa71ff27fc2769a1b78a27578f13a17b -> 
  custom:video-decoder-webm-vp8: 9c59270c3fd7afecdb556c50c9e8de78 -> 
  custom:SearchIndexIgnoredProperties: e643bd26f0fe6173181afceb89e7c659 -> 
  custom:AudioImporter_EditorPlatform: d09bf68614088b80899f8185d706f6e7 -> 
  custom:video-encoder-webm-vp8: eb34c28f22e8b96e1ab97ce403110664 -> 
  custom:audio-decoder-ogg-vorbis: bf7c407c2cedff20999df2af8eb42d56 -> 
  custom:audio-encoder-webm-vorbis: bf7c407c2cedff20999df2af8eb42d56 -> 
========================================================================
Received Import Request.
  Time since last request: 12183.979335 seconds.
  path: Assets
  artifactKey: Guid(00000000000000001000000000000000) Importer(815301076,1909f56bfc062723c751e8b465ee728b)
Start importing Assets using Guid(00000000000000001000000000000000) Importer(815301076,1909f56bfc062723c751e8b465ee728b)  -> (artifact id: '8a4fe85251aa2e89732c359432baa2c3') in 0.002905 seconds
Number of updated asset objects reloaded before import = 0
Number of asset objects unloaded after import = 0
========================================================================
Received Import Request.
  Time since last request: 5.360457 seconds.
  path: Assets/Materials
  artifactKey: Guid(f4bac21514f3b22438d4b314a2ab5a2e) Importer(815301076,1909f56bfc062723c751e8b465ee728b)
Start importing Assets/Materials using Guid(f4bac21514f3b22438d4b314a2ab5a2e) Importer(815301076,1909f56bfc062723c751e8b465ee728b)  -> (artifact id: '0f9747850c4fd31c7d70515cab4be0d7') in 0.000805 seconds
Number of updated asset objects reloaded before import = 0
Number of asset objects unloaded after import = 0
========================================================================
Received Prepare
Begin MonoManager ReloadAssembly
- Loaded All Assemblies, in  0.975 seconds
Refreshing native plugins compatible for Editor in 19.29 ms, found 4 plugins.
Native extension for WindowsStandalone target not found
[Package Manager] Server::EnsureServerProcessIsRunning -- launch failed, reason: Unity was launched with the -noUpm command-line argument
[Package Manager] UpmClient::Send -- Unable to send message (not connected to UPM process).
[Package Manager] Cannot connect to Unity Package Manager local server
Mono: successfully reloaded assembly
- Finished resetting the current domain, in  3.197 seconds
Domain Reload Profiling: 4151ms
	BeginReloadAssembly (273ms)
		ExecutionOrderSort (0ms)
		DisableScriptedObjects (16ms)
		BackupInstance (0ms)
		ReleaseScriptingObjects (0ms)
		CreateAndSetChildDomain (42ms)
	RebuildCommonClasses (50ms)
	RebuildNativeTypeToScriptingClass (17ms)
	initialDomainReloadingComplete (72ms)
	LoadAllAssembliesAndSetupDomain (542ms)
		LoadAssemblies (686ms)
		RebuildTransferFunctionScriptingTraits (0ms)
		AnalyzeDomain (17ms)
			TypeCache.Refresh (7ms)
				TypeCache.ScanAssembly (0ms)
			ScanForSourceGeneratedMonoScriptInfo (0ms)
			ResolveRequiredComponents (8ms)
	FinalizeReload (3197ms)
		ReleaseScriptCaches (0ms)
		RebuildScriptCaches (0ms)
		SetupLoadedEditorAssemblies (729ms)
			LogAssemblyErrors (0ms)
			InitializePlatformSupportModulesInManaged (19ms)
			SetLoadedEditorAssemblies (5ms)
			RefreshPlugins (0ms)
			BeforeProcessingInitializeOnLoad (174ms)
			ProcessInitializeOnLoadAttributes (439ms)
			ProcessInitializeOnLoadMethodAttributes (56ms)
			AfterProcessingInitializeOnLoad (36ms)
			EditorAssembliesLoaded (0ms)
		ExecutionOrderSort2 (0ms)
		AwakeInstancesAfterBackupRestoration (21ms)
Refreshing native plugins compatible for Editor in 21.29 ms, found 4 plugins.
Preloading 0 native plugins for Editor in 0.00 ms.
Unloading 4010 Unused Serialized files (Serialized files now loaded: 0)
Unloading 42 unused Assets / (216.3 KB). Loaded Objects now: 4476.
Memory consumption went from 144.2 MB to 144.0 MB.
Total: 5.252900 ms (FindLiveObjects: 0.363300 ms CreateObjectMapping: 0.367800 ms MarkObjects: 4.289500 ms  DeleteObjects: 0.230800 ms)

Prepare: number of updated asset objects reloaded= 0
AssetImportParameters requested are different than current active one (requested -> active):
  custom:container-demuxer-ogg: 62fdf1f143b41e24485cea50d1cbac27 -> 
  custom:video-decoder-ogg-theora: a1e56fd34408186e4bbccfd4996cb3dc -> 
  custom:framework-win-MediaFoundation: 216162199b28c13a410421893ffa2e32 -> 
  custom:CustomObjectIndexerAttribute: 756ad292c208cfabdd7b50bc23989ffe -> 
  custom:container-demuxer-webm: 4f35f7cbe854078d1ac9338744f61a02 -> 
  custom:container-muxer-webm: aa71ff27fc2769a1b78a27578f13a17b -> 
  custom:video-decoder-webm-vp8: 9c59270c3fd7afecdb556c50c9e8de78 -> 
  custom:SearchIndexIgnoredProperties: e643bd26f0fe6173181afceb89e7c659 -> 
  custom:AudioImporter_EditorPlatform: d09bf68614088b80899f8185d706f6e7 -> 
  custom:video-encoder-webm-vp8: eb34c28f22e8b96e1ab97ce403110664 -> 
  custom:audio-decoder-ogg-vorbis: bf7c407c2cedff20999df2af8eb42d56 -> 
  custom:audio-encoder-webm-vorbis: bf7c407c2cedff20999df2af8eb42d56 -> 
========================================================================
Received Import Request.
  Time since last request: 400.518660 seconds.
  path: Assets/Classic Legacy Pack - Village
  artifactKey: Guid(bbcbb57ddce7b64499502af3d165c7f2) Importer(815301076,1909f56bfc062723c751e8b465ee728b)
Start importing Assets/Classic Legacy Pack - Village using Guid(bbcbb57ddce7b64499502af3d165c7f2) Importer(815301076,1909f56bfc062723c751e8b465ee728b)  -> (artifact id: '4b08d137b8d576eaec7fd4f5132eb5d9') in 0.002872 seconds
Number of updated asset objects reloaded before import = 0
Number of asset objects unloaded after import = 0
========================================================================
Received Import Request.
  Time since last request: 2.205290 seconds.
  path: Assets/Classic Legacy Pack - Village/Enemy
  artifactKey: Guid(2875b3f3b721ccd48bc600849d875dd0) Importer(815301076,1909f56bfc062723c751e8b465ee728b)
Start importing Assets/Classic Legacy Pack - Village/Enemy using Guid(2875b3f3b721ccd48bc600849d875dd0) Importer(815301076,1909f56bfc062723c751e8b465ee728b)  -> (artifact id: '4dba932c3ceb248d2971b2fc06287c85') in 0.000601 seconds
Number of updated asset objects reloaded before import = 0
Number of asset objects unloaded after import = 0
========================================================================
Received Import Request.
  Time since last request: 0.108799 seconds.
  path: Assets/Classic Legacy Pack - Village/Enemy/Bone.png
  artifactKey: Guid(4894486c48c574c49a9f0d7ba6fd15aa) Importer(815301076,1909f56bfc062723c751e8b465ee728b)
Start importing Assets/Classic Legacy Pack - Village/Enemy/Bone.png using Guid(4894486c48c574c49a9f0d7ba6fd15aa) Importer(815301076,1909f56bfc062723c751e8b465ee728b)  -> (artifact id: 'dbe8bb107677168b05b57c4fd84c290d') in 0.144784 seconds
Number of updated asset objects reloaded before import = 0
Number of asset objects unloaded after import = 5
========================================================================
Received Import Request.
  Time since last request: 146.167870 seconds.
  path: Assets/Classic Legacy Pack - Village/Enemy/Materials
  artifactKey: Guid(7f3145d16748bab499c4a96fa7f96344) Importer(815301076,1909f56bfc062723c751e8b465ee728b)
Start importing Assets/Classic Legacy Pack - Village/Enemy/Materials using Guid(7f3145d16748bab499c4a96fa7f96344) Importer(815301076,1909f56bfc062723c751e8b465ee728b)  -> (artifact id: 'acc2c340d5f8b0c014def05ca3ddf5b8') in 0.000713 seconds
Number of updated asset objects reloaded before import = 0
Number of asset objects unloaded after import = 0
========================================================================
Received Import Request.
  Time since last request: 0.041686 seconds.
  path: Assets/Classic Legacy Pack - Village/Enemy/Materials/Skeleton.mat
  artifactKey: Guid(1a5236b39e27d9d4ba338d08813cedcf) Importer(815301076,1909f56bfc062723c751e8b465ee728b)
Start importing Assets/Classic Legacy Pack - Village/Enemy/Materials/Skeleton.mat using Guid(1a5236b39e27d9d4ba338d08813cedcf) Importer(815301076,1909f56bfc062723c751e8b465ee728b)  -> (artifact id: '7dea2c9f6958cc2e5d89a285507ffb39') in 0.100688 seconds
Number of updated asset objects reloaded before import = 0
Number of asset objects unloaded after import = 2
========================================================================
Received Import Request.
  Time since last request: 31.055871 seconds.
  path: Assets/Scenes
  artifactKey: Guid(cf9ce9c0d9bf4b44588b3166e3005df3) Importer(815301076,1909f56bfc062723c751e8b465ee728b)
Start importing Assets/Scenes using Guid(cf9ce9c0d9bf4b44588b3166e3005df3) Importer(815301076,1909f56bfc062723c751e8b465ee728b)  -> (artifact id: '2a23c7494c070205c3ab6f07eb17fe7b') in 0.000807 seconds
Number of updated asset objects reloaded before import = 0
Number of asset objects unloaded after import = 0
========================================================================
Received Import Request.
  Time since last request: 2.585788 seconds.
  path: Assets/Scenes/SampleScene.unity
  artifactKey: Guid(2cda990e2423bbf4892e6590ba056729) Importer(815301076,1909f56bfc062723c751e8b465ee728b)
Start importing Assets/Scenes/SampleScene.unity using Guid(2cda990e2423bbf4892e6590ba056729) Importer(815301076,1909f56bfc062723c751e8b465ee728b)  -> (artifact id: '4efdacc9db006a6fdb173b6fb0d502aa') in 0.000693 seconds
Number of updated asset objects reloaded before import = 0
Number of asset objects unloaded after import = 0
========================================================================
Received Prepare
Begin MonoManager ReloadAssembly
- Loaded All Assemblies, in  0.978 seconds
Refreshing native plugins compatible for Editor in 18.89 ms, found 4 plugins.
Native extension for WindowsStandalone target not found
[Package Manager] Server::EnsureServerProcessIsRunning -- launch failed, reason: Unity was launched with the -noUpm command-line argument
[Package Manager] UpmClient::Send -- Unable to send message (not connected to UPM process).
[Package Manager] Cannot connect to Unity Package Manager local server
Mono: successfully reloaded assembly
- Finished resetting the current domain, in  2.242 seconds
Domain Reload Profiling: 3199ms
	BeginReloadAssembly (281ms)
		ExecutionOrderSort (0ms)
		DisableScriptedObjects (16ms)
		BackupInstance (0ms)
		ReleaseScriptingObjects (0ms)
		CreateAndSetChildDomain (43ms)
	RebuildCommonClasses (56ms)
	RebuildNativeTypeToScriptingClass (16ms)
	initialDomainReloadingComplete (77ms)
	LoadAllAssembliesAndSetupDomain (527ms)
		LoadAssemblies (677ms)
		RebuildTransferFunctionScriptingTraits (0ms)
		AnalyzeDomain (16ms)
			TypeCache.Refresh (6ms)
				TypeCache.ScanAssembly (0ms)
			ScanForSourceGeneratedMonoScriptInfo (0ms)
			ResolveRequiredComponents (8ms)
	FinalizeReload (2243ms)
		ReleaseScriptCaches (0ms)
		RebuildScriptCaches (0ms)
		SetupLoadedEditorAssemblies (703ms)
			LogAssemblyErrors (0ms)
			InitializePlatformSupportModulesInManaged (15ms)
			SetLoadedEditorAssemblies (5ms)
			RefreshPlugins (0ms)
			BeforeProcessingInitializeOnLoad (173ms)
			ProcessInitializeOnLoadAttributes (423ms)
			ProcessInitializeOnLoadMethodAttributes (53ms)
			AfterProcessingInitializeOnLoad (34ms)
			EditorAssembliesLoaded (0ms)
		ExecutionOrderSort2 (0ms)
		AwakeInstancesAfterBackupRestoration (21ms)
Refreshing native plugins compatible for Editor in 19.55 ms, found 4 plugins.
Preloading 0 native plugins for Editor in 0.00 ms.
Unloading 4010 Unused Serialized files (Serialized files now loaded: 0)
Unloading 42 unused Assets / (216.3 KB). Loaded Objects now: 4525.
Memory consumption went from 150.8 MB to 150.6 MB.
Total: 4.917800 ms (FindLiveObjects: 0.382500 ms CreateObjectMapping: 0.152700 ms MarkObjects: 4.126000 ms  DeleteObjects: 0.255200 ms)

Prepare: number of updated asset objects reloaded= 0
AssetImportParameters requested are different than current active one (requested -> active):
  custom:container-demuxer-ogg: 62fdf1f143b41e24485cea50d1cbac27 -> 
  custom:video-decoder-ogg-theora: a1e56fd34408186e4bbccfd4996cb3dc -> 
  custom:framework-win-MediaFoundation: 216162199b28c13a410421893ffa2e32 -> 
  custom:CustomObjectIndexerAttribute: 756ad292c208cfabdd7b50bc23989ffe -> 
  custom:container-demuxer-webm: 4f35f7cbe854078d1ac9338744f61a02 -> 
  custom:container-muxer-webm: aa71ff27fc2769a1b78a27578f13a17b -> 
  custom:video-decoder-webm-vp8: 9c59270c3fd7afecdb556c50c9e8de78 -> 
  custom:SearchIndexIgnoredProperties: e643bd26f0fe6173181afceb89e7c659 -> 
  custom:AudioImporter_EditorPlatform: d09bf68614088b80899f8185d706f6e7 -> 
  custom:video-encoder-webm-vp8: eb34c28f22e8b96e1ab97ce403110664 -> 
  custom:audio-decoder-ogg-vorbis: bf7c407c2cedff20999df2af8eb42d56 -> 
  custom:audio-encoder-webm-vorbis: bf7c407c2cedff20999df2af8eb42d56 -> 
========================================================================
Received Import Request.
  Time since last request: 265.282013 seconds.
  path: Packages/com.unity.2d.sprite/Editor/ObjectMenuCreation/DefaultAssets/Textures/9-Sliced.png
  artifactKey: Guid(71ebafeef3c03457483266a33ab2b270) Importer(815301076,1909f56bfc062723c751e8b465ee728b)
Start importing Packages/com.unity.2d.sprite/Editor/ObjectMenuCreation/DefaultAssets/Textures/9-Sliced.png using Guid(71ebafeef3c03457483266a33ab2b270) Importer(815301076,1909f56bfc062723c751e8b465ee728b)  -> (artifact id: 'b043dbcfb72532d3672172663fbad41d') in 0.107476 seconds
Number of updated asset objects reloaded before import = 0
Number of asset objects unloaded after import = 3
========================================================================
Received Import Request.
  Time since last request: 0.000022 seconds.
  path: Packages/com.unity.2d.sprite/Editor/ObjectMenuCreation/DefaultAssets/Textures/HexagonPointed-Top.png
  artifactKey: Guid(eed45a33cd08446c8b88325cf82fc52f) Importer(815301076,1909f56bfc062723c751e8b465ee728b)
Start importing Packages/com.unity.2d.sprite/Editor/ObjectMenuCreation/DefaultAssets/Textures/HexagonPointed-Top.png using Guid(eed45a33cd08446c8b88325cf82fc52f) Importer(815301076,1909f56bfc062723c751e8b465ee728b)  -> (artifact id: '392d6bcc8e856bb94259138ac904f899') in 0.033240 seconds
Number of updated asset objects reloaded before import = 0
Number of asset objects unloaded after import = 3
========================================================================
Received Import Request.
  Time since last request: 0.000026 seconds.
  path: Packages/com.unity.2d.sprite/Editor/ObjectMenuCreation/DefaultAssets/Textures/HexagonFlat-TopWithBorder.png
  artifactKey: Guid(a9716c16a44a94eed9b5c90fbf4d9bdd) Importer(815301076,1909f56bfc062723c751e8b465ee728b)
Start importing Packages/com.unity.2d.sprite/Editor/ObjectMenuCreation/DefaultAssets/Textures/HexagonFlat-TopWithBorder.png using Guid(a9716c16a44a94eed9b5c90fbf4d9bdd) Importer(815301076,1909f56bfc062723c751e8b465ee728b)  -> (artifact id: 'e40993bdf7c4c430338c09f8b0f135bb') in 0.034569 seconds
Number of updated asset objects reloaded before import = 0
Number of asset objects unloaded after import = 3
========================================================================
Received Import Request.
  Time since last request: 0.000058 seconds.
  path: Packages/com.unity.2d.sprite/Editor/ObjectMenuCreation/DefaultAssets/Textures/HexagonFlat-Top.png
  artifactKey: Guid(16037dbd798344f57a526d53d48f5ead) Importer(815301076,1909f56bfc062723c751e8b465ee728b)
Start importing Packages/com.unity.2d.sprite/Editor/ObjectMenuCreation/DefaultAssets/Textures/HexagonFlat-Top.png using Guid(16037dbd798344f57a526d53d48f5ead) Importer(815301076,1909f56bfc062723c751e8b465ee728b)  -> (artifact id: 'facdbad72f4a05bf7932fb0182ad6d1b') in 0.035270 seconds
Number of updated asset objects reloaded before import = 0
Number of asset objects unloaded after import = 3
========================================================================
Received Import Request.
  Time since last request: 0.000018 seconds.
  path: Packages/com.unity.2d.sprite/Editor/ObjectMenuCreation/DefaultAssets/Textures/Circle.png
  artifactKey: Guid(ebe73ca9363db456bacf42c025bb4847) Importer(815301076,1909f56bfc062723c751e8b465ee728b)
Start importing Packages/com.unity.2d.sprite/Editor/ObjectMenuCreation/DefaultAssets/Textures/Circle.png using Guid(ebe73ca9363db456bacf42c025bb4847) Importer(815301076,1909f56bfc062723c751e8b465ee728b)  -> (artifact id: '1d396e03965b0e2c7c755ff907c7767f') in 0.034521 seconds
Number of updated asset objects reloaded before import = 0
Number of asset objects unloaded after import = 3
========================================================================
Received Import Request.
  Time since last request: 0.000023 seconds.
  path: Packages/com.unity.2d.sprite/Editor/ObjectMenuCreation/DefaultAssets/Textures/CircleWithBorder.png
  artifactKey: Guid(4adeaf2d2b1c7417e89f026626d8264f) Importer(815301076,1909f56bfc062723c751e8b465ee728b)
Start importing Packages/com.unity.2d.sprite/Editor/ObjectMenuCreation/DefaultAssets/Textures/CircleWithBorder.png using Guid(4adeaf2d2b1c7417e89f026626d8264f) Importer(815301076,1909f56bfc062723c751e8b465ee728b)  -> (artifact id: 'e7cc3d1810ef7605dafddf1bb387f462') in 0.035247 seconds
Number of updated asset objects reloaded before import = 0
Number of asset objects unloaded after import = 3
========================================================================
Received Import Request.
  Time since last request: 0.000017 seconds.
  path: Packages/com.unity.2d.sprite/Editor/ObjectMenuCreation/DefaultAssets/Textures/IsometricDiamond.png
  artifactKey: Guid(045b15ec09bba42448d89db77fa6f20a) Importer(815301076,1909f56bfc062723c751e8b465ee728b)
Start importing Packages/com.unity.2d.sprite/Editor/ObjectMenuCreation/DefaultAssets/Textures/IsometricDiamond.png using Guid(045b15ec09bba42448d89db77fa6f20a) Importer(815301076,1909f56bfc062723c751e8b465ee728b)  -> (artifact id: '0a43f4ef7f3236cb430798e69117262d') in 0.036082 seconds
Number of updated asset objects reloaded before import = 0
Number of asset objects unloaded after import = 3
========================================================================
Received Import Request.
  Time since last request: 98.642608 seconds.
  path: Packages/com.unity.2d.sprite/Editor/ObjectMenuCreation/DefaultAssets/Textures/v2/9Sliced.png
  artifactKey: Guid(8884154dfe85442a3a3578be807dbcdf) Importer(815301076,1909f56bfc062723c751e8b465ee728b)
Start importing Packages/com.unity.2d.sprite/Editor/ObjectMenuCreation/DefaultAssets/Textures/v2/9Sliced.png using Guid(8884154dfe85442a3a3578be807dbcdf) Importer(815301076,1909f56bfc062723c751e8b465ee728b)  -> (artifact id: '562d2712c4bafa03f107785e68dcf2e3') in 0.031727 seconds
Number of updated asset objects reloaded before import = 0
Number of asset objects unloaded after import = 3
========================================================================
Received Import Request.
  Time since last request: 0.000020 seconds.
  path: Packages/com.unity.2d.sprite/Editor/ObjectMenuCreation/DefaultAssets/Textures/v2/Square.png
  artifactKey: Guid(311925a002f4447b3a28927169b83ea6) Importer(815301076,1909f56bfc062723c751e8b465ee728b)
Start importing Packages/com.unity.2d.sprite/Editor/ObjectMenuCreation/DefaultAssets/Textures/v2/Square.png using Guid(311925a002f4447b3a28927169b83ea6) Importer(815301076,1909f56bfc062723c751e8b465ee728b)  -> (artifact id: '9d8f149861857a8369a9cc9595b5d27d') in 0.031031 seconds
Number of updated asset objects reloaded before import = 0
Number of asset objects unloaded after import = 3
========================================================================
Received Import Request.
  Time since last request: 0.000022 seconds.
  path: Packages/com.unity.2d.sprite/Editor/ObjectMenuCreation/DefaultAssets/Textures/v2/Circle.png
  artifactKey: Guid(a86470a33a6bf42c4b3595704624658b) Importer(815301076,1909f56bfc062723c751e8b465ee728b)
Start importing Packages/com.unity.2d.sprite/Editor/ObjectMenuCreation/DefaultAssets/Textures/v2/Circle.png using Guid(a86470a33a6bf42c4b3595704624658b) Importer(815301076,1909f56bfc062723c751e8b465ee728b)  -> (artifact id: '2ba74743cd578aacc34dd87b20038c58') in 0.035224 seconds
Number of updated asset objects reloaded before import = 0
Number of asset objects unloaded after import = 3
========================================================================
Received Import Request.
  Time since last request: 0.000031 seconds.
  path: Packages/com.unity.2d.sprite/Editor/ObjectMenuCreation/DefaultAssets/Textures/v2/IsometricDiamond.png
  artifactKey: Guid(19fb86013d8c24d6cb8410c0aadf30fa) Importer(815301076,1909f56bfc062723c751e8b465ee728b)
Start importing Packages/com.unity.2d.sprite/Editor/ObjectMenuCreation/DefaultAssets/Textures/v2/IsometricDiamond.png using Guid(19fb86013d8c24d6cb8410c0aadf30fa) Importer(815301076,1909f56bfc062723c751e8b465ee728b)  -> (artifact id: '8eacd967d9bb8de39094dc653c8ea413') in 0.031996 seconds
Number of updated asset objects reloaded before import = 0
Number of asset objects unloaded after import = 3
========================================================================
Received Import Request.
  Time since last request: 109.163048 seconds.
  path: Packages/com.unity.2d.aseprite/package.json
  artifactKey: Guid(fcf2f4964f64c4a0fa8c994d677d8bd9) Importer(815301076,1909f56bfc062723c751e8b465ee728b)
Start importing Packages/com.unity.2d.aseprite/package.json using Guid(fcf2f4964f64c4a0fa8c994d677d8bd9) Importer(815301076,1909f56bfc062723c751e8b465ee728b)  -> (artifact id: '1d5fabb25ee8c4d8647ba8ef2d8f1724') in 0.001694 seconds
Number of updated asset objects reloaded before import = 0
Number of asset objects unloaded after import = 1
========================================================================
Received Import Request.
  Time since last request: 2.958702 seconds.
  path: Assets/Classic Legacy Pack - Village/Environment/Tiles.png
  artifactKey: Guid(a419b29d7ee1f4b45acf54016a814fbb) Importer(815301076,1909f56bfc062723c751e8b465ee728b)
Start importing Assets/Classic Legacy Pack - Village/Environment/Tiles.png using Guid(a419b29d7ee1f4b45acf54016a814fbb) Importer(815301076,1909f56bfc062723c751e8b465ee728b)  -> (artifact id: '0b94a0e4bae389b5d41b80a20cec5c01') in 0.949897 seconds
Number of updated asset objects reloaded before import = 0
Number of asset objects unloaded after import = 429
========================================================================
Received Prepare
Begin MonoManager ReloadAssembly
- Loaded All Assemblies, in  1.029 seconds
Refreshing native plugins compatible for Editor in 19.94 ms, found 4 plugins.
Native extension for WindowsStandalone target not found
[Package Manager] Server::EnsureServerProcessIsRunning -- launch failed, reason: Unity was launched with the -noUpm command-line argument
[Package Manager] UpmClient::Send -- Unable to send message (not connected to UPM process).
[Package Manager] Cannot connect to Unity Package Manager local server
Mono: successfully reloaded assembly
- Finished resetting the current domain, in  2.279 seconds
Domain Reload Profiling: 3286ms
	BeginReloadAssembly (308ms)
		ExecutionOrderSort (0ms)
		DisableScriptedObjects (19ms)
		BackupInstance (0ms)
		ReleaseScriptingObjects (0ms)
		CreateAndSetChildDomain (49ms)
	RebuildCommonClasses (52ms)
	RebuildNativeTypeToScriptingClass (19ms)
	initialDomainReloadingComplete (73ms)
	LoadAllAssembliesAndSetupDomain (554ms)
		LoadAssemblies (720ms)
		RebuildTransferFunctionScriptingTraits (0ms)
		AnalyzeDomain (17ms)
			TypeCache.Refresh (6ms)
				TypeCache.ScanAssembly (0ms)
			ScanForSourceGeneratedMonoScriptInfo (0ms)
			ResolveRequiredComponents (9ms)
	FinalizeReload (2280ms)
		ReleaseScriptCaches (0ms)
		RebuildScriptCaches (0ms)
		SetupLoadedEditorAssemblies (706ms)
			LogAssemblyErrors (0ms)
			InitializePlatformSupportModulesInManaged (15ms)
			SetLoadedEditorAssemblies (5ms)
			RefreshPlugins (0ms)
			BeforeProcessingInitializeOnLoad (167ms)
			ProcessInitializeOnLoadAttributes (429ms)
			ProcessInitializeOnLoadMethodAttributes (54ms)
			AfterProcessingInitializeOnLoad (35ms)
			EditorAssembliesLoaded (0ms)
		ExecutionOrderSort2 (0ms)
		AwakeInstancesAfterBackupRestoration (19ms)
Refreshing native plugins compatible for Editor in 19.92 ms, found 4 plugins.
Preloading 0 native plugins for Editor in 0.00 ms.
Unloading 4010 Unused Serialized files (Serialized files now loaded: 0)
Unloading 42 unused Assets / (216.3 KB). Loaded Objects now: 4537.
Memory consumption went from 152.8 MB to 152.6 MB.
Total: 4.698300 ms (FindLiveObjects: 0.465600 ms CreateObjectMapping: 0.206900 ms MarkObjects: 3.753200 ms  DeleteObjects: 0.270600 ms)

Prepare: number of updated asset objects reloaded= 0
AssetImportParameters requested are different than current active one (requested -> active):
  custom:container-demuxer-ogg: 62fdf1f143b41e24485cea50d1cbac27 -> 
  custom:video-decoder-ogg-theora: a1e56fd34408186e4bbccfd4996cb3dc -> 
  custom:framework-win-MediaFoundation: 216162199b28c13a410421893ffa2e32 -> 
  custom:CustomObjectIndexerAttribute: 756ad292c208cfabdd7b50bc23989ffe -> 
  custom:container-demuxer-webm: 4f35f7cbe854078d1ac9338744f61a02 -> 
  custom:container-muxer-webm: aa71ff27fc2769a1b78a27578f13a17b -> 
  custom:video-decoder-webm-vp8: 9c59270c3fd7afecdb556c50c9e8de78 -> 
  custom:SearchIndexIgnoredProperties: e643bd26f0fe6173181afceb89e7c659 -> 
  custom:AudioImporter_EditorPlatform: d09bf68614088b80899f8185d706f6e7 -> 
  custom:video-encoder-webm-vp8: eb34c28f22e8b96e1ab97ce403110664 -> 
  custom:audio-decoder-ogg-vorbis: bf7c407c2cedff20999df2af8eb42d56 -> 
  custom:audio-encoder-webm-vorbis: bf7c407c2cedff20999df2af8eb42d56 -> 
========================================================================
Received Prepare
Begin MonoManager ReloadAssembly
- Loaded All Assemblies, in  0.984 seconds
Refreshing native plugins compatible for Editor in 18.87 ms, found 4 plugins.
Native extension for WindowsStandalone target not found
[Package Manager] Server::EnsureServerProcessIsRunning -- launch failed, reason: Unity was launched with the -noUpm command-line argument
[Package Manager] UpmClient::Send -- Unable to send message (not connected to UPM process).
[Package Manager] Cannot connect to Unity Package Manager local server
Mono: successfully reloaded assembly
- Finished resetting the current domain, in  2.309 seconds
Domain Reload Profiling: 3267ms
	BeginReloadAssembly (289ms)
		ExecutionOrderSort (0ms)
		DisableScriptedObjects (18ms)
		BackupInstance (0ms)
		ReleaseScriptingObjects (0ms)
		CreateAndSetChildDomain (42ms)
	RebuildCommonClasses (53ms)
	RebuildNativeTypeToScriptingClass (18ms)
	initialDomainReloadingComplete (76ms)
	LoadAllAssembliesAndSetupDomain (521ms)
		LoadAssemblies (675ms)
		RebuildTransferFunctionScriptingTraits (0ms)
		AnalyzeDomain (17ms)
			TypeCache.Refresh (7ms)
				TypeCache.ScanAssembly (0ms)
			ScanForSourceGeneratedMonoScriptInfo (0ms)
			ResolveRequiredComponents (8ms)
	FinalizeReload (2309ms)
		ReleaseScriptCaches (0ms)
		RebuildScriptCaches (0ms)
		SetupLoadedEditorAssemblies (732ms)
			LogAssemblyErrors (0ms)
			InitializePlatformSupportModulesInManaged (16ms)
			SetLoadedEditorAssemblies (5ms)
			RefreshPlugins (0ms)
			BeforeProcessingInitializeOnLoad (188ms)
			ProcessInitializeOnLoadAttributes (432ms)
			ProcessInitializeOnLoadMethodAttributes (55ms)
			AfterProcessingInitializeOnLoad (35ms)
			EditorAssembliesLoaded (0ms)
		ExecutionOrderSort2 (0ms)
		AwakeInstancesAfterBackupRestoration (20ms)
Refreshing native plugins compatible for Editor in 19.15 ms, found 4 plugins.
Preloading 0 native plugins for Editor in 0.00 ms.
Unloading 4011 Unused Serialized files (Serialized files now loaded: 0)
Unloading 42 unused Assets / (216.5 KB). Loaded Objects now: 4541.
Memory consumption went from 155.0 MB to 154.8 MB.
Total: 6.192000 ms (FindLiveObjects: 0.489800 ms CreateObjectMapping: 0.199100 ms MarkObjects: 5.191300 ms  DeleteObjects: 0.310600 ms)

Prepare: number of updated asset objects reloaded= 0
AssetImportParameters requested are different than current active one (requested -> active):
  custom:container-demuxer-ogg: 62fdf1f143b41e24485cea50d1cbac27 -> 
  custom:video-decoder-ogg-theora: a1e56fd34408186e4bbccfd4996cb3dc -> 
  custom:framework-win-MediaFoundation: 216162199b28c13a410421893ffa2e32 -> 
  custom:CustomObjectIndexerAttribute: 756ad292c208cfabdd7b50bc23989ffe -> 
  custom:container-demuxer-webm: 4f35f7cbe854078d1ac9338744f61a02 -> 
  custom:container-muxer-webm: aa71ff27fc2769a1b78a27578f13a17b -> 
  custom:video-decoder-webm-vp8: 9c59270c3fd7afecdb556c50c9e8de78 -> 
  custom:SearchIndexIgnoredProperties: e643bd26f0fe6173181afceb89e7c659 -> 
  custom:AudioImporter_EditorPlatform: d09bf68614088b80899f8185d706f6e7 -> 
  custom:video-encoder-webm-vp8: eb34c28f22e8b96e1ab97ce403110664 -> 
  custom:audio-decoder-ogg-vorbis: bf7c407c2cedff20999df2af8eb42d56 -> 
  custom:audio-encoder-webm-vorbis: bf7c407c2cedff20999df2af8eb42d56 -> 
========================================================================
Received Prepare
Begin MonoManager ReloadAssembly
- Loaded All Assemblies, in  1.013 seconds
Refreshing native plugins compatible for Editor in 18.50 ms, found 4 plugins.
Native extension for WindowsStandalone target not found
[Package Manager] Server::EnsureServerProcessIsRunning -- launch failed, reason: Unity was launched with the -noUpm command-line argument
[Package Manager] UpmClient::Send -- Unable to send message (not connected to UPM process).
[Package Manager] Cannot connect to Unity Package Manager local server
Mono: successfully reloaded assembly
- Finished resetting the current domain, in  2.293 seconds
Domain Reload Profiling: 3284ms
	BeginReloadAssembly (293ms)
		ExecutionOrderSort (0ms)
		DisableScriptedObjects (17ms)
		BackupInstance (0ms)
		ReleaseScriptingObjects (0ms)
		CreateAndSetChildDomain (47ms)
	RebuildCommonClasses (55ms)
	RebuildNativeTypeToScriptingClass (19ms)
	initialDomainReloadingComplete (74ms)
	LoadAllAssembliesAndSetupDomain (551ms)
		LoadAssemblies (707ms)
		RebuildTransferFunctionScriptingTraits (0ms)
		AnalyzeDomain (16ms)
			TypeCache.Refresh (7ms)
				TypeCache.ScanAssembly (0ms)
			ScanForSourceGeneratedMonoScriptInfo (0ms)
			ResolveRequiredComponents (8ms)
	FinalizeReload (2294ms)
		ReleaseScriptCaches (0ms)
		RebuildScriptCaches (0ms)
		SetupLoadedEditorAssemblies (719ms)
			LogAssemblyErrors (0ms)
			InitializePlatformSupportModulesInManaged (14ms)
			SetLoadedEditorAssemblies (5ms)
			RefreshPlugins (0ms)
			BeforeProcessingInitializeOnLoad (173ms)
			ProcessInitializeOnLoadAttributes (439ms)
			ProcessInitializeOnLoadMethodAttributes (52ms)
			AfterProcessingInitializeOnLoad (36ms)
			EditorAssembliesLoaded (0ms)
		ExecutionOrderSort2 (0ms)
		AwakeInstancesAfterBackupRestoration (21ms)
Refreshing native plugins compatible for Editor in 19.65 ms, found 4 plugins.
Preloading 0 native plugins for Editor in 0.00 ms.
Unloading 4011 Unused Serialized files (Serialized files now loaded: 0)
Unloading 42 unused Assets / (216.6 KB). Loaded Objects now: 4545.
Memory consumption went from 156.9 MB to 156.7 MB.
Total: 4.326400 ms (FindLiveObjects: 0.377800 ms CreateObjectMapping: 0.169000 ms MarkObjects: 3.499200 ms  DeleteObjects: 0.278400 ms)

Prepare: number of updated asset objects reloaded= 0
AssetImportParameters requested are different than current active one (requested -> active):
  custom:container-demuxer-ogg: 62fdf1f143b41e24485cea50d1cbac27 -> 
  custom:video-decoder-ogg-theora: a1e56fd34408186e4bbccfd4996cb3dc -> 
  custom:framework-win-MediaFoundation: 216162199b28c13a410421893ffa2e32 -> 
  custom:CustomObjectIndexerAttribute: 756ad292c208cfabdd7b50bc23989ffe -> 
  custom:container-demuxer-webm: 4f35f7cbe854078d1ac9338744f61a02 -> 
  custom:container-muxer-webm: aa71ff27fc2769a1b78a27578f13a17b -> 
  custom:video-decoder-webm-vp8: 9c59270c3fd7afecdb556c50c9e8de78 -> 
  custom:SearchIndexIgnoredProperties: e643bd26f0fe6173181afceb89e7c659 -> 
  custom:AudioImporter_EditorPlatform: d09bf68614088b80899f8185d706f6e7 -> 
  custom:video-encoder-webm-vp8: eb34c28f22e8b96e1ab97ce403110664 -> 
  custom:audio-decoder-ogg-vorbis: bf7c407c2cedff20999df2af8eb42d56 -> 
  custom:audio-encoder-webm-vorbis: bf7c407c2cedff20999df2af8eb42d56 -> 
========================================================================
Received Import Request.
  Time since last request: 364.136128 seconds.
  path: Assets/Classic Legacy Pack - Village/Environment
  artifactKey: Guid(24fa8880c1ba68e488241228752c3f1d) Importer(815301076,1909f56bfc062723c751e8b465ee728b)
Start importing Assets/Classic Legacy Pack - Village/Environment using Guid(24fa8880c1ba68e488241228752c3f1d) Importer(815301076,1909f56bfc062723c751e8b465ee728b)  -> (artifact id: '2ae7eb172749caf9fb7881ecd8f4d1d1') in 0.002082 seconds
Number of updated asset objects reloaded before import = 0
Number of asset objects unloaded after import = 0
========================================================================
Received Import Request.
  Time since last request: 6.369325 seconds.
  path: Assets/Classic Legacy Pack - Village/Environment/Environment Palette
  artifactKey: Guid(b241bebb7fb381a4282455f3358f0b35) Importer(815301076,1909f56bfc062723c751e8b465ee728b)
Start importing Assets/Classic Legacy Pack - Village/Environment/Environment Palette using Guid(b241bebb7fb381a4282455f3358f0b35) Importer(815301076,1909f56bfc062723c751e8b465ee728b)  -> (artifact id: '60b51c2db9bc3c42624520b75a664ce7') in 0.000805 seconds
Number of updated asset objects reloaded before import = 0
Number of asset objects unloaded after import = 0
========================================================================
Received Import Request.
  Time since last request: 1.731057 seconds.
  path: Assets/Classic Legacy Pack - Village/Environment/Environment Palette/Environment.prefab
  artifactKey: Guid(3677876f4dd949847af4db8a542841f3) Importer(815301076,1909f56bfc062723c751e8b465ee728b)
Start importing Assets/Classic Legacy Pack - Village/Environment/Environment Palette/Environment.prefab using Guid(3677876f4dd949847af4db8a542841f3) Importer(815301076,1909f56bfc062723c751e8b465ee728b)  -> (artifact id: 'ca4de48099f405fd7835a5019bf9a328') in 0.691538 seconds
Number of updated asset objects reloaded before import = 0
Number of asset objects unloaded after import = 865
========================================================================
Received Import Request.
  Time since last request: 29.086484 seconds.
  path: Assets/Classic Legacy Pack - Village/Environment/Environment Palette/Environment.prefab
  artifactKey: Guid(3677876f4dd949847af4db8a542841f3) Importer(815301076,1909f56bfc062723c751e8b465ee728b)
Start importing Assets/Classic Legacy Pack - Village/Environment/Environment Palette/Environment.prefab using Guid(3677876f4dd949847af4db8a542841f3) Importer(815301076,1909f56bfc062723c751e8b465ee728b)  -> (artifact id: '2d6f918fde32f5de8399cf6546df9d0c') in 0.495452 seconds
Number of updated asset objects reloaded before import = 0
Number of asset objects unloaded after import = 865
========================================================================
Received Import Request.
  Time since last request: 0.635956 seconds.
  path: Assets/Classic Legacy Pack - Village/Environment/Environment Palette/Environment.prefab
  artifactKey: Guid(3677876f4dd949847af4db8a542841f3) Importer(815301076,1909f56bfc062723c751e8b465ee728b)
Start importing Assets/Classic Legacy Pack - Village/Environment/Environment Palette/Environment.prefab using Guid(3677876f4dd949847af4db8a542841f3) Importer(815301076,1909f56bfc062723c751e8b465ee728b)  -> (artifact id: '410f2b9dc404310f95387a6b7b4b9800') in 0.491386 seconds
Number of updated asset objects reloaded before import = 0
Number of asset objects unloaded after import = 865
========================================================================
Received Import Request.
  Time since last request: 12.407730 seconds.
  path: Assets/Classic Legacy Pack - Village/Environment/Environment Palette/Environment.prefab
  artifactKey: Guid(3677876f4dd949847af4db8a542841f3) Importer(815301076,1909f56bfc062723c751e8b465ee728b)
Start importing Assets/Classic Legacy Pack - Village/Environment/Environment Palette/Environment.prefab using Guid(3677876f4dd949847af4db8a542841f3) Importer(815301076,1909f56bfc062723c751e8b465ee728b)  -> (artifact id: 'b25a08df4b7a512cc6fc5cf66db79780') in 0.533086 seconds
Number of updated asset objects reloaded before import = 0
Number of asset objects unloaded after import = 865
========================================================================
Received Import Request.
  Time since last request: 5.127919 seconds.
  path: Assets/Classic Legacy Pack - Village/Environment/Environment Tiles
  artifactKey: Guid(56bcfeeae2b4a4d41bdf5d713c44d26c) Importer(815301076,1909f56bfc062723c751e8b465ee728b)
Start importing Assets/Classic Legacy Pack - Village/Environment/Environment Tiles using Guid(56bcfeeae2b4a4d41bdf5d713c44d26c) Importer(815301076,1909f56bfc062723c751e8b465ee728b)  -> (artifact id: '1c4ca716abaae4ed42134b6f16cf493f') in 0.000806 seconds
Number of updated asset objects reloaded before import = 0
Number of asset objects unloaded after import = 0
========================================================================
Received Import Request.
  Time since last request: 0.299356 seconds.
  path: Assets/Classic Legacy Pack - Village/Environment/Environment Tiles/Tiles_0.asset
  artifactKey: Guid(d0d7a4a0fb0ac3f4281a7ba7297d1ecf) Importer(815301076,1909f56bfc062723c751e8b465ee728b)
Start importing Assets/Classic Legacy Pack - Village/Environment/Environment Tiles/Tiles_0.asset using Guid(d0d7a4a0fb0ac3f4281a7ba7297d1ecf) Importer(815301076,1909f56bfc062723c751e8b465ee728b)  -> (artifact id: 'ce1c8a9395215d85630aaf832006383c') in 0.014149 seconds
Number of updated asset objects reloaded before import = 0
Number of asset objects unloaded after import = 3
========================================================================
Received Import Request.
  Time since last request: 0.011184 seconds.
  path: Assets/Classic Legacy Pack - Village/Environment/Environment Tiles/Tiles_1.asset
  artifactKey: Guid(324f62507bcb6e047ae30df2d07d5e45) Importer(815301076,1909f56bfc062723c751e8b465ee728b)
Start importing Assets/Classic Legacy Pack - Village/Environment/Environment Tiles/Tiles_1.asset using Guid(324f62507bcb6e047ae30df2d07d5e45) Importer(815301076,1909f56bfc062723c751e8b465ee728b)  -> (artifact id: 'f8fec3aa3a690b6273fbedbe184e4726') in 0.007743 seconds
Number of updated asset objects reloaded before import = 0
Number of asset objects unloaded after import = 3
========================================================================
Received Import Request.
  Time since last request: 0.000021 seconds.
  path: Assets/Classic Legacy Pack - Village/Environment/Environment Tiles/Tiles_9.asset
  artifactKey: Guid(bead6569cdac63f43a33c768a977295b) Importer(815301076,1909f56bfc062723c751e8b465ee728b)
Start importing Assets/Classic Legacy Pack - Village/Environment/Environment Tiles/Tiles_9.asset using Guid(bead6569cdac63f43a33c768a977295b) Importer(815301076,1909f56bfc062723c751e8b465ee728b)  -> (artifact id: '05e5e63516e7c1a9a229fa9950d6f4f6') in 0.011376 seconds
Number of updated asset objects reloaded before import = 0
Number of asset objects unloaded after import = 3
========================================================================
Received Import Request.
  Time since last request: 0.000017 seconds.
  path: Assets/Classic Legacy Pack - Village/Environment/Environment Tiles/Tiles_14.asset
  artifactKey: Guid(de20960c635847645843be5355efb5ab) Importer(815301076,1909f56bfc062723c751e8b465ee728b)
Start importing Assets/Classic Legacy Pack - Village/Environment/Environment Tiles/Tiles_14.asset using Guid(de20960c635847645843be5355efb5ab) Importer(815301076,1909f56bfc062723c751e8b465ee728b)  -> (artifact id: '7169ea8ca9d44eb660a21fc39bb326af') in 0.007600 seconds
Number of updated asset objects reloaded before import = 0
Number of asset objects unloaded after import = 3
========================================================================
Received Import Request.
  Time since last request: 0.000020 seconds.
  path: Assets/Classic Legacy Pack - Village/Environment/Environment Tiles/Tiles_12.asset
  artifactKey: Guid(cb4d0429c4fc98f4e99dfbfb4325cde6) Importer(815301076,1909f56bfc062723c751e8b465ee728b)
Start importing Assets/Classic Legacy Pack - Village/Environment/Environment Tiles/Tiles_12.asset using Guid(cb4d0429c4fc98f4e99dfbfb4325cde6) Importer(815301076,1909f56bfc062723c751e8b465ee728b)  -> (artifact id: '7aba9c2b66ac0f584ca531fe5d48cb69') in 0.008511 seconds
Number of updated asset objects reloaded before import = 0
Number of asset objects unloaded after import = 3
========================================================================
Received Import Request.
  Time since last request: 0.000015 seconds.
  path: Assets/Classic Legacy Pack - Village/Environment/Environment Tiles/Tiles_30.asset
  artifactKey: Guid(b27455f332764cb4f9511ac311df7161) Importer(815301076,1909f56bfc062723c751e8b465ee728b)
Start importing Assets/Classic Legacy Pack - Village/Environment/Environment Tiles/Tiles_30.asset using Guid(b27455f332764cb4f9511ac311df7161) Importer(815301076,1909f56bfc062723c751e8b465ee728b)  -> (artifact id: '8cf00ddbd45607e9c8acaaf18d016902') in 0.007186 seconds
Number of updated asset objects reloaded before import = 0
Number of asset objects unloaded after import = 3
========================================================================
Received Import Request.
  Time since last request: 0.000024 seconds.
  path: Assets/Classic Legacy Pack - Village/Environment/Environment Tiles/Tiles_31.asset
  artifactKey: Guid(0c26aea7c1e03db49a7d11d30766769f) Importer(815301076,1909f56bfc062723c751e8b465ee728b)
Start importing Assets/Classic Legacy Pack - Village/Environment/Environment Tiles/Tiles_31.asset using Guid(0c26aea7c1e03db49a7d11d30766769f) Importer(815301076,1909f56bfc062723c751e8b465ee728b)  -> (artifact id: 'a7bf5d5e7bc5f3e9debabae354adb462') in 0.007848 seconds
Number of updated asset objects reloaded before import = 0
Number of asset objects unloaded after import = 3
========================================================================
Received Import Request.
  Time since last request: 0.000015 seconds.
  path: Assets/Classic Legacy Pack - Village/Environment/Environment Tiles/Tiles_75.asset
  artifactKey: Guid(c4c86a4dd5aed1640bf5a3af0e9f4f33) Importer(815301076,1909f56bfc062723c751e8b465ee728b)
Start importing Assets/Classic Legacy Pack - Village/Environment/Environment Tiles/Tiles_75.asset using Guid(c4c86a4dd5aed1640bf5a3af0e9f4f33) Importer(815301076,1909f56bfc062723c751e8b465ee728b)  -> (artifact id: 'dd9369e2805ca5f34ef581e00d550a18') in 0.006974 seconds
Number of updated asset objects reloaded before import = 0
Number of asset objects unloaded after import = 3
========================================================================
Received Import Request.
  Time since last request: 0.000015 seconds.
  path: Assets/Classic Legacy Pack - Village/Environment/Environment Tiles/Tiles_39.asset
  artifactKey: Guid(20e870e8ea86c01419c08d3c79d8bb87) Importer(815301076,1909f56bfc062723c751e8b465ee728b)
Start importing Assets/Classic Legacy Pack - Village/Environment/Environment Tiles/Tiles_39.asset using Guid(20e870e8ea86c01419c08d3c79d8bb87) Importer(815301076,1909f56bfc062723c751e8b465ee728b)  -> (artifact id: '5b797bcc7925ca83de6acfa7a3481828') in 0.008043 seconds
Number of updated asset objects reloaded before import = 0
Number of asset objects unloaded after import = 3
========================================================================
Received Import Request.
  Time since last request: 0.000016 seconds.
  path: Assets/Classic Legacy Pack - Village/Environment/Environment Tiles/Tiles_86.asset
  artifactKey: Guid(199b3b3b0b2df1d429d68fc098f33dca) Importer(815301076,1909f56bfc062723c751e8b465ee728b)
Start importing Assets/Classic Legacy Pack - Village/Environment/Environment Tiles/Tiles_86.asset using Guid(199b3b3b0b2df1d429d68fc098f33dca) Importer(815301076,1909f56bfc062723c751e8b465ee728b)  -> (artifact id: '0db91fc7a630c69d409db22e67d68e0d') in 0.010028 seconds
Number of updated asset objects reloaded before import = 0
Number of asset objects unloaded after import = 3
========================================================================
Received Import Request.
  Time since last request: 0.000018 seconds.
  path: Assets/Classic Legacy Pack - Village/Environment/Environment Tiles/Tiles_35.asset
  artifactKey: Guid(90e8923e73bfd3d46afd6c40ab72a4af) Importer(815301076,1909f56bfc062723c751e8b465ee728b)
Start importing Assets/Classic Legacy Pack - Village/Environment/Environment Tiles/Tiles_35.asset using Guid(90e8923e73bfd3d46afd6c40ab72a4af) Importer(815301076,1909f56bfc062723c751e8b465ee728b)  -> (artifact id: '953340437f21f18e9ade32c90a191a13') in 0.023124 seconds
Number of updated asset objects reloaded before import = 0
Number of asset objects unloaded after import = 3
========================================================================
Received Import Request.
  Time since last request: 0.000021 seconds.
  path: Assets/Classic Legacy Pack - Village/Environment/Environment Tiles/Tiles_20.asset
  artifactKey: Guid(5500998f6aa46c7449cde2f6f3ee0ad4) Importer(815301076,1909f56bfc062723c751e8b465ee728b)
Start importing Assets/Classic Legacy Pack - Village/Environment/Environment Tiles/Tiles_20.asset using Guid(5500998f6aa46c7449cde2f6f3ee0ad4) Importer(815301076,1909f56bfc062723c751e8b465ee728b)  -> (artifact id: '1611ca821fc914bdac6b0384f5f1d142') in 0.009602 seconds
Number of updated asset objects reloaded before import = 0
Number of asset objects unloaded after import = 3
========================================================================
Received Import Request.
  Time since last request: 0.000019 seconds.
  path: Assets/Classic Legacy Pack - Village/Environment/Environment Tiles/Tiles_29.asset
  artifactKey: Guid(13ad9519ef0a72c429ba2535f6a5d7ae) Importer(815301076,1909f56bfc062723c751e8b465ee728b)
Start importing Assets/Classic Legacy Pack - Village/Environment/Environment Tiles/Tiles_29.asset using Guid(13ad9519ef0a72c429ba2535f6a5d7ae) Importer(815301076,1909f56bfc062723c751e8b465ee728b)  -> (artifact id: 'be8bd383e0df94f919ce05dca8bb2773') in 0.010533 seconds
Number of updated asset objects reloaded before import = 0
Number of asset objects unloaded after import = 3
========================================================================
Received Import Request.
  Time since last request: 0.000017 seconds.
  path: Assets/Classic Legacy Pack - Village/Environment/Environment Tiles/Tiles_79.asset
  artifactKey: Guid(d1ec3737b0e95864dafb215ae5067b39) Importer(815301076,1909f56bfc062723c751e8b465ee728b)
Start importing Assets/Classic Legacy Pack - Village/Environment/Environment Tiles/Tiles_79.asset using Guid(d1ec3737b0e95864dafb215ae5067b39) Importer(815301076,1909f56bfc062723c751e8b465ee728b)  -> (artifact id: '98819e4a4b380d246b2dc602a3eb32b5') in 0.028315 seconds
Number of updated asset objects reloaded before import = 0
Number of asset objects unloaded after import = 3
========================================================================
Received Import Request.
  Time since last request: 0.000022 seconds.
  path: Assets/Classic Legacy Pack - Village/Environment/Environment Tiles/Tiles_21.asset
  artifactKey: Guid(335f3fd6f61df88489fad7fbfba8eb21) Importer(815301076,1909f56bfc062723c751e8b465ee728b)
Start importing Assets/Classic Legacy Pack - Village/Environment/Environment Tiles/Tiles_21.asset using Guid(335f3fd6f61df88489fad7fbfba8eb21) Importer(815301076,1909f56bfc062723c751e8b465ee728b)  -> (artifact id: '7578ebcf93718e01fecadb50044475ff') in 0.007704 seconds
Number of updated asset objects reloaded before import = 0
Number of asset objects unloaded after import = 3
========================================================================
Received Import Request.
  Time since last request: 0.000081 seconds.
  path: Assets/Classic Legacy Pack - Village/Environment/Environment Tiles/Tiles_16.asset
  artifactKey: Guid(22fd788d1941cbf40a8b05fe0f21da26) Importer(815301076,1909f56bfc062723c751e8b465ee728b)
Start importing Assets/Classic Legacy Pack - Village/Environment/Environment Tiles/Tiles_16.asset using Guid(22fd788d1941cbf40a8b05fe0f21da26) Importer(815301076,1909f56bfc062723c751e8b465ee728b)  -> (artifact id: 'd0f8c85aec95f833af50b309e67dfbd0') in 0.007572 seconds
Number of updated asset objects reloaded before import = 0
Number of asset objects unloaded after import = 3
========================================================================
Received Import Request.
  Time since last request: 0.000025 seconds.
  path: Assets/Classic Legacy Pack - Village/Environment/Environment Tiles/Tiles_53.asset
  artifactKey: Guid(f2424a1e9284c9049b7b262d28161157) Importer(815301076,1909f56bfc062723c751e8b465ee728b)
Start importing Assets/Classic Legacy Pack - Village/Environment/Environment Tiles/Tiles_53.asset using Guid(f2424a1e9284c9049b7b262d28161157) Importer(815301076,1909f56bfc062723c751e8b465ee728b)  -> (artifact id: '75441a5a448ad33eabcdd607b239979c') in 0.007709 seconds
Number of updated asset objects reloaded before import = 0
Number of asset objects unloaded after import = 3
========================================================================
Received Import Request.
  Time since last request: 0.000016 seconds.
  path: Assets/Classic Legacy Pack - Village/Environment/Environment Tiles/Tiles_48.asset
  artifactKey: Guid(e4b422bb280a5d246aa8bfb4f6b67b54) Importer(815301076,1909f56bfc062723c751e8b465ee728b)
Start importing Assets/Classic Legacy Pack - Village/Environment/Environment Tiles/Tiles_48.asset using Guid(e4b422bb280a5d246aa8bfb4f6b67b54) Importer(815301076,1909f56bfc062723c751e8b465ee728b)  -> (artifact id: 'e8bdde685a030e3c3f82bd6fb53caf92') in 0.007679 seconds
Number of updated asset objects reloaded before import = 0
Number of asset objects unloaded after import = 3
========================================================================
Received Import Request.
  Time since last request: 0.000019 seconds.
  path: Assets/Classic Legacy Pack - Village/Environment/Environment Tiles/Tiles_81.asset
  artifactKey: Guid(d4d66f245fc0089469c8941f17bc8b2d) Importer(815301076,1909f56bfc062723c751e8b465ee728b)
Start importing Assets/Classic Legacy Pack - Village/Environment/Environment Tiles/Tiles_81.asset using Guid(d4d66f245fc0089469c8941f17bc8b2d) Importer(815301076,1909f56bfc062723c751e8b465ee728b)  -> (artifact id: 'd06f43463a2a99c8a4d5b31576316ba3') in 0.007802 seconds
Number of updated asset objects reloaded before import = 0
Number of asset objects unloaded after import = 3
========================================================================
Received Import Request.
  Time since last request: 0.000014 seconds.
  path: Assets/Classic Legacy Pack - Village/Environment/Environment Tiles/Tiles_71.asset
  artifactKey: Guid(89da7e0435fe19d41953ee9c00fdd336) Importer(815301076,1909f56bfc062723c751e8b465ee728b)
Start importing Assets/Classic Legacy Pack - Village/Environment/Environment Tiles/Tiles_71.asset using Guid(89da7e0435fe19d41953ee9c00fdd336) Importer(815301076,1909f56bfc062723c751e8b465ee728b)  -> (artifact id: 'a1143b8a0e4a06b0ea003e5600130b23') in 0.007450 seconds
Number of updated asset objects reloaded before import = 0
Number of asset objects unloaded after import = 3
========================================================================
Received Import Request.
  Time since last request: 0.000024 seconds.
  path: Assets/Classic Legacy Pack - Village/Environment/Environment Tiles/Tiles_66.asset
  artifactKey: Guid(e34a2612fd0c9cb4492c44458ec1c10a) Importer(815301076,1909f56bfc062723c751e8b465ee728b)
Start importing Assets/Classic Legacy Pack - Village/Environment/Environment Tiles/Tiles_66.asset using Guid(e34a2612fd0c9cb4492c44458ec1c10a) Importer(815301076,1909f56bfc062723c751e8b465ee728b)  -> (artifact id: '112e0ee24523868c4147151feffe1e4a') in 0.013039 seconds
Number of updated asset objects reloaded before import = 0
Number of asset objects unloaded after import = 3
========================================================================
Received Import Request.
  Time since last request: 0.000016 seconds.
  path: Assets/Classic Legacy Pack - Village/Environment/Environment Tiles/Tiles_58.asset
  artifactKey: Guid(ecdc526d0d013cb4588bdbc217a83242) Importer(815301076,1909f56bfc062723c751e8b465ee728b)
Start importing Assets/Classic Legacy Pack - Village/Environment/Environment Tiles/Tiles_58.asset using Guid(ecdc526d0d013cb4588bdbc217a83242) Importer(815301076,1909f56bfc062723c751e8b465ee728b)  -> (artifact id: '872f300049a72a31b045c67da4a2b762') in 0.007381 seconds
Number of updated asset objects reloaded before import = 0
Number of asset objects unloaded after import = 3
========================================================================
Received Import Request.
  Time since last request: 0.000016 seconds.
  path: Assets/Classic Legacy Pack - Village/Environment/Environment Tiles/Tiles_67.asset
  artifactKey: Guid(d2d1eedf5db88e9408664c1ff2565294) Importer(815301076,1909f56bfc062723c751e8b465ee728b)
Start importing Assets/Classic Legacy Pack - Village/Environment/Environment Tiles/Tiles_67.asset using Guid(d2d1eedf5db88e9408664c1ff2565294) Importer(815301076,1909f56bfc062723c751e8b465ee728b)  -> (artifact id: 'cc835275829fbf374d4fec5f6922a911') in 0.007451 seconds
Number of updated asset objects reloaded before import = 0
Number of asset objects unloaded after import = 3
========================================================================
Received Import Request.
  Time since last request: 0.000018 seconds.
  path: Assets/Classic Legacy Pack - Village/Environment/Environment Tiles/Tiles_46.asset
  artifactKey: Guid(be56e65723a548846b40970cf7d6c506) Importer(815301076,1909f56bfc062723c751e8b465ee728b)
Start importing Assets/Classic Legacy Pack - Village/Environment/Environment Tiles/Tiles_46.asset using Guid(be56e65723a548846b40970cf7d6c506) Importer(815301076,1909f56bfc062723c751e8b465ee728b)  -> (artifact id: '923b968cd57c2aa21015e5867381d46d') in 0.007265 seconds
Number of updated asset objects reloaded before import = 0
Number of asset objects unloaded after import = 3
========================================================================
Received Import Request.
  Time since last request: 0.000016 seconds.
  path: Assets/Classic Legacy Pack - Village/Environment/Environment Tiles/Tiles_78.asset
  artifactKey: Guid(fc7f70d7d26515f439c3610501e29267) Importer(815301076,1909f56bfc062723c751e8b465ee728b)
Start importing Assets/Classic Legacy Pack - Village/Environment/Environment Tiles/Tiles_78.asset using Guid(fc7f70d7d26515f439c3610501e29267) Importer(815301076,1909f56bfc062723c751e8b465ee728b)  -> (artifact id: '80bdf7852c7c0c41759243664e174003') in 0.007918 seconds
Number of updated asset objects reloaded before import = 0
Number of asset objects unloaded after import = 3
========================================================================
Received Import Request.
  Time since last request: 0.000017 seconds.
  path: Assets/Classic Legacy Pack - Village/Environment/Environment Tiles/Tiles_70.asset
  artifactKey: Guid(e1cace41d9c63df4d9811bde2691478f) Importer(815301076,1909f56bfc062723c751e8b465ee728b)
Start importing Assets/Classic Legacy Pack - Village/Environment/Environment Tiles/Tiles_70.asset using Guid(e1cace41d9c63df4d9811bde2691478f) Importer(815301076,1909f56bfc062723c751e8b465ee728b)  -> (artifact id: '8f08df718b8717e71544b5d6e71aca00') in 0.007834 seconds
Number of updated asset objects reloaded before import = 0
Number of asset objects unloaded after import = 3
========================================================================
Received Import Request.
  Time since last request: 0.000018 seconds.
  path: Assets/Classic Legacy Pack - Village/Environment/Environment Tiles/Tiles_23.asset
  artifactKey: Guid(6453591269bc1d3498ebc45ab824f777) Importer(815301076,1909f56bfc062723c751e8b465ee728b)
Start importing Assets/Classic Legacy Pack - Village/Environment/Environment Tiles/Tiles_23.asset using Guid(6453591269bc1d3498ebc45ab824f777) Importer(815301076,1909f56bfc062723c751e8b465ee728b)  -> (artifact id: '898c9d62f0e3c3690cb934a81c5e438f') in 0.009691 seconds
Number of updated asset objects reloaded before import = 0
Number of asset objects unloaded after import = 3
========================================================================
Received Import Request.
  Time since last request: 0.000020 seconds.
  path: Assets/Classic Legacy Pack - Village/Environment/Environment Tiles/Tiles_26.asset
  artifactKey: Guid(c3e65a3cc05d2324e815b08cefd2adf6) Importer(815301076,1909f56bfc062723c751e8b465ee728b)
Start importing Assets/Classic Legacy Pack - Village/Environment/Environment Tiles/Tiles_26.asset using Guid(c3e65a3cc05d2324e815b08cefd2adf6) Importer(815301076,1909f56bfc062723c751e8b465ee728b)  -> (artifact id: '356104a6fdd4f2d3bb383d294abb430f') in 0.006976 seconds
Number of updated asset objects reloaded before import = 0
Number of asset objects unloaded after import = 3
========================================================================
Received Import Request.
  Time since last request: 0.000014 seconds.
  path: Assets/Classic Legacy Pack - Village/Environment/Environment Tiles/Tiles_3.asset
  artifactKey: Guid(1d784a7cd1f618c4882b9a436237298c) Importer(815301076,1909f56bfc062723c751e8b465ee728b)
Start importing Assets/Classic Legacy Pack - Village/Environment/Environment Tiles/Tiles_3.asset using Guid(1d784a7cd1f618c4882b9a436237298c) Importer(815301076,1909f56bfc062723c751e8b465ee728b)  -> (artifact id: '2839aba64ed1a9c9046994d1369fce4f') in 0.007088 seconds
Number of updated asset objects reloaded before import = 0
Number of asset objects unloaded after import = 3
========================================================================
Received Import Request.
  Time since last request: 0.000020 seconds.
  path: Assets/Classic Legacy Pack - Village/Environment/Environment Tiles/Tiles_5.asset
  artifactKey: Guid(93a9f2dd28d212c49837aa32b9877746) Importer(815301076,1909f56bfc062723c751e8b465ee728b)
Start importing Assets/Classic Legacy Pack - Village/Environment/Environment Tiles/Tiles_5.asset using Guid(93a9f2dd28d212c49837aa32b9877746) Importer(815301076,1909f56bfc062723c751e8b465ee728b)  -> (artifact id: '08f857be9f992c81bb1b9d38b11d9e97') in 0.007914 seconds
Number of updated asset objects reloaded before import = 0
Number of asset objects unloaded after import = 3
========================================================================
Received Import Request.
  Time since last request: 0.000017 seconds.
  path: Assets/Classic Legacy Pack - Village/Environment/Environment Tiles/Tiles_24.asset
  artifactKey: Guid(1c0fa6f73feba9844a43f88c7d6fccfc) Importer(815301076,1909f56bfc062723c751e8b465ee728b)
Start importing Assets/Classic Legacy Pack - Village/Environment/Environment Tiles/Tiles_24.asset using Guid(1c0fa6f73feba9844a43f88c7d6fccfc) Importer(815301076,1909f56bfc062723c751e8b465ee728b)  -> (artifact id: '5e59ce9c481e6e9502aad763f582f387') in 0.007689 seconds
Number of updated asset objects reloaded before import = 0
Number of asset objects unloaded after import = 3
========================================================================
Received Import Request.
  Time since last request: 0.000021 seconds.
  path: Assets/Classic Legacy Pack - Village/Environment/Environment Tiles/Tiles_77.asset
  artifactKey: Guid(bdd8e240d4e11c94aa608d8c88ac4752) Importer(815301076,1909f56bfc062723c751e8b465ee728b)
Start importing Assets/Classic Legacy Pack - Village/Environment/Environment Tiles/Tiles_77.asset using Guid(bdd8e240d4e11c94aa608d8c88ac4752) Importer(815301076,1909f56bfc062723c751e8b465ee728b)  -> (artifact id: '9e9f52dcdf0d28d8b34546cb1ffcb249') in 0.008382 seconds
Number of updated asset objects reloaded before import = 0
Number of asset objects unloaded after import = 3
========================================================================
Received Import Request.
  Time since last request: 0.000021 seconds.
  path: Assets/Classic Legacy Pack - Village/Environment/Environment Tiles/Tiles_25.asset
  artifactKey: Guid(b460c301853d01f458a3334847a7dfcf) Importer(815301076,1909f56bfc062723c751e8b465ee728b)
Start importing Assets/Classic Legacy Pack - Village/Environment/Environment Tiles/Tiles_25.asset using Guid(b460c301853d01f458a3334847a7dfcf) Importer(815301076,1909f56bfc062723c751e8b465ee728b)  -> (artifact id: '143ab60301d0be5f2d606061657cba64') in 0.013614 seconds
Number of updated asset objects reloaded before import = 0
Number of asset objects unloaded after import = 3
========================================================================
Received Import Request.
  Time since last request: 0.000018 seconds.
  path: Assets/Classic Legacy Pack - Village/Environment/Environment Tiles/Tiles_54.asset
  artifactKey: Guid(64cb4f39883e6794eb7dfe6211f23c8f) Importer(815301076,1909f56bfc062723c751e8b465ee728b)
Start importing Assets/Classic Legacy Pack - Village/Environment/Environment Tiles/Tiles_54.asset using Guid(64cb4f39883e6794eb7dfe6211f23c8f) Importer(815301076,1909f56bfc062723c751e8b465ee728b)  -> (artifact id: '6e6e9a9a0637f627bed532f8c4a92413') in 0.007657 seconds
Number of updated asset objects reloaded before import = 0
Number of asset objects unloaded after import = 3
========================================================================
Received Import Request.
  Time since last request: 0.000017 seconds.
  path: Assets/Classic Legacy Pack - Village/Environment/Environment Tiles/Tiles_83.asset
  artifactKey: Guid(351302ffcfb2cc4408df587cdc1b38bb) Importer(815301076,1909f56bfc062723c751e8b465ee728b)
Start importing Assets/Classic Legacy Pack - Village/Environment/Environment Tiles/Tiles_83.asset using Guid(351302ffcfb2cc4408df587cdc1b38bb) Importer(815301076,1909f56bfc062723c751e8b465ee728b)  -> (artifact id: '443c63a09626dcbdd278dc052d1afe0a') in 0.008066 seconds
Number of updated asset objects reloaded before import = 0
Number of asset objects unloaded after import = 3
========================================================================
Received Import Request.
  Time since last request: 0.000017 seconds.
  path: Assets/Classic Legacy Pack - Village/Environment/Environment Tiles/Tiles_87.asset
  artifactKey: Guid(91ccdb9e5eb33a345958aa4022c3a730) Importer(815301076,1909f56bfc062723c751e8b465ee728b)
Start importing Assets/Classic Legacy Pack - Village/Environment/Environment Tiles/Tiles_87.asset using Guid(91ccdb9e5eb33a345958aa4022c3a730) Importer(815301076,1909f56bfc062723c751e8b465ee728b)  -> (artifact id: 'f0d52736fcae30a403153fad45d4d567') in 0.007472 seconds
Number of updated asset objects reloaded before import = 0
Number of asset objects unloaded after import = 3
========================================================================
Received Import Request.
  Time since last request: 0.000036 seconds.
  path: Assets/Classic Legacy Pack - Village/Environment/Environment Tiles/Tiles_7.asset
  artifactKey: Guid(31607c8d92be4a6448a60665690bc851) Importer(815301076,1909f56bfc062723c751e8b465ee728b)
Start importing Assets/Classic Legacy Pack - Village/Environment/Environment Tiles/Tiles_7.asset using Guid(31607c8d92be4a6448a60665690bc851) Importer(815301076,1909f56bfc062723c751e8b465ee728b)  -> (artifact id: '9dbbd72a079504772e78dc01e621470d') in 0.007494 seconds
Number of updated asset objects reloaded before import = 0
Number of asset objects unloaded after import = 3
========================================================================
Received Import Request.
  Time since last request: 0.000025 seconds.
  path: Assets/Classic Legacy Pack - Village/Environment/Environment Tiles/Tiles_85.asset
  artifactKey: Guid(7b7b67337151d3d4e83a89ad97bea44d) Importer(815301076,1909f56bfc062723c751e8b465ee728b)
Start importing Assets/Classic Legacy Pack - Village/Environment/Environment Tiles/Tiles_85.asset using Guid(7b7b67337151d3d4e83a89ad97bea44d) Importer(815301076,1909f56bfc062723c751e8b465ee728b)  -> (artifact id: '357ab6b3244a02e9dc61c76a180c14d6') in 0.010135 seconds
Number of updated asset objects reloaded before import = 0
Number of asset objects unloaded after import = 3
========================================================================
Received Import Request.
  Time since last request: 0.000033 seconds.
  path: Assets/Classic Legacy Pack - Village/Environment/Environment Tiles/Tiles_33.asset
  artifactKey: Guid(0ec3a3f3d57e47b4196dd09e97f3ffff) Importer(815301076,1909f56bfc062723c751e8b465ee728b)
Start importing Assets/Classic Legacy Pack - Village/Environment/Environment Tiles/Tiles_33.asset using Guid(0ec3a3f3d57e47b4196dd09e97f3ffff) Importer(815301076,1909f56bfc062723c751e8b465ee728b)  -> (artifact id: 'dfe6aff0b985f2c56c7f6b939d133ce2') in 0.009552 seconds
Number of updated asset objects reloaded before import = 0
Number of asset objects unloaded after import = 3
========================================================================
Received Import Request.
  Time since last request: 0.000033 seconds.
  path: Assets/Classic Legacy Pack - Village/Environment/Environment Tiles/Tiles_37.asset
  artifactKey: Guid(c3d74319f17c8d844ab7d9708ce2c25d) Importer(815301076,1909f56bfc062723c751e8b465ee728b)
Start importing Assets/Classic Legacy Pack - Village/Environment/Environment Tiles/Tiles_37.asset using Guid(c3d74319f17c8d844ab7d9708ce2c25d) Importer(815301076,1909f56bfc062723c751e8b465ee728b)  -> (artifact id: 'fbeec17a96ae472335d5d3ef14c8446d') in 0.008173 seconds
Number of updated asset objects reloaded before import = 0
Number of asset objects unloaded after import = 3
========================================================================
Received Import Request.
  Time since last request: 0.000017 seconds.
  path: Assets/Classic Legacy Pack - Village/Environment/Environment Tiles/Tiles_65.asset
  artifactKey: Guid(12dd814be343a9b4fb4b83d9ab9488de) Importer(815301076,1909f56bfc062723c751e8b465ee728b)
Start importing Assets/Classic Legacy Pack - Village/Environment/Environment Tiles/Tiles_65.asset using Guid(12dd814be343a9b4fb4b83d9ab9488de) Importer(815301076,1909f56bfc062723c751e8b465ee728b)  -> (artifact id: '63130ed543bd8debb6f2b8f5b20f7fe4') in 0.007705 seconds
Number of updated asset objects reloaded before import = 0
Number of asset objects unloaded after import = 3
========================================================================
Received Import Request.
  Time since last request: 0.000021 seconds.
  path: Assets/Classic Legacy Pack - Village/Environment/Environment Tiles/Tiles_38.asset
  artifactKey: Guid(8f93476de64d5e5498d15f93e6c034af) Importer(815301076,1909f56bfc062723c751e8b465ee728b)
Start importing Assets/Classic Legacy Pack - Village/Environment/Environment Tiles/Tiles_38.asset using Guid(8f93476de64d5e5498d15f93e6c034af) Importer(815301076,1909f56bfc062723c751e8b465ee728b)  -> (artifact id: '3750e2440fd33f74bda44ca03872eb66') in 0.007819 seconds
Number of updated asset objects reloaded before import = 0
Number of asset objects unloaded after import = 3
========================================================================
Received Import Request.
  Time since last request: 0.000020 seconds.
  path: Assets/Classic Legacy Pack - Village/Environment/Environment Tiles/Tiles_60.asset
  artifactKey: Guid(1c7ac193bb2df5d48a37e9c86ea9382d) Importer(815301076,1909f56bfc062723c751e8b465ee728b)
Start importing Assets/Classic Legacy Pack - Village/Environment/Environment Tiles/Tiles_60.asset using Guid(1c7ac193bb2df5d48a37e9c86ea9382d) Importer(815301076,1909f56bfc062723c751e8b465ee728b)  -> (artifact id: 'c8e56e1f4a18d2f5f745527469061c14') in 0.008149 seconds
Number of updated asset objects reloaded before import = 0
Number of asset objects unloaded after import = 3
========================================================================
Received Import Request.
  Time since last request: 0.000018 seconds.
  path: Assets/Classic Legacy Pack - Village/Environment/Environment Tiles/Tiles_50.asset
  artifactKey: Guid(19533ea9adcedd249a445466178b5097) Importer(815301076,1909f56bfc062723c751e8b465ee728b)
Start importing Assets/Classic Legacy Pack - Village/Environment/Environment Tiles/Tiles_50.asset using Guid(19533ea9adcedd249a445466178b5097) Importer(815301076,1909f56bfc062723c751e8b465ee728b)  -> (artifact id: '7651d01ccccd12b18d8ae4bab0fda4d7') in 0.008943 seconds
Number of updated asset objects reloaded before import = 0
Number of asset objects unloaded after import = 3
========================================================================
Received Import Request.
  Time since last request: 0.000019 seconds.
  path: Assets/Classic Legacy Pack - Village/Environment/Environment Tiles/Tiles_22.asset
  artifactKey: Guid(167ceb1320cc39347acb99659e9ee4be) Importer(815301076,1909f56bfc062723c751e8b465ee728b)
Start importing Assets/Classic Legacy Pack - Village/Environment/Environment Tiles/Tiles_22.asset using Guid(167ceb1320cc39347acb99659e9ee4be) Importer(815301076,1909f56bfc062723c751e8b465ee728b)  -> (artifact id: '814cd2fa3b635d9306aa742d21fc87a6') in 0.007709 seconds
Number of updated asset objects reloaded before import = 0
Number of asset objects unloaded after import = 3
========================================================================
Received Import Request.
  Time since last request: 0.000019 seconds.
  path: Assets/Classic Legacy Pack - Village/Environment/Environment Tiles/Tiles_15.asset
  artifactKey: Guid(f5d61d1a390434146b76d3b6dc8d1549) Importer(815301076,1909f56bfc062723c751e8b465ee728b)
Start importing Assets/Classic Legacy Pack - Village/Environment/Environment Tiles/Tiles_15.asset using Guid(f5d61d1a390434146b76d3b6dc8d1549) Importer(815301076,1909f56bfc062723c751e8b465ee728b)  -> (artifact id: 'c6f86f29b4d2ef01553ce20762933e30') in 0.008037 seconds
Number of updated asset objects reloaded before import = 0
Number of asset objects unloaded after import = 3
========================================================================
Received Import Request.
  Time since last request: 0.000019 seconds.
  path: Assets/Classic Legacy Pack - Village/Environment/Environment Tiles/Tiles_52.asset
  artifactKey: Guid(d70c65be0f94e544ba4fbd00b8b6ea9b) Importer(815301076,1909f56bfc062723c751e8b465ee728b)
Start importing Assets/Classic Legacy Pack - Village/Environment/Environment Tiles/Tiles_52.asset using Guid(d70c65be0f94e544ba4fbd00b8b6ea9b) Importer(815301076,1909f56bfc062723c751e8b465ee728b)  -> (artifact id: 'ef129fd5cae07152f1f7b2cf97457d3a') in 0.007640 seconds
Number of updated asset objects reloaded before import = 0
Number of asset objects unloaded after import = 3
========================================================================
Received Import Request.
  Time since last request: 0.000021 seconds.
  path: Assets/Classic Legacy Pack - Village/Environment/Environment Tiles/Tiles_4.asset
  artifactKey: Guid(14d6b877fcff3d5498e36b7e524f74e3) Importer(815301076,1909f56bfc062723c751e8b465ee728b)
Start importing Assets/Classic Legacy Pack - Village/Environment/Environment Tiles/Tiles_4.asset using Guid(14d6b877fcff3d5498e36b7e524f74e3) Importer(815301076,1909f56bfc062723c751e8b465ee728b)  -> (artifact id: 'cc2a5e501190470eaac2a0b5c5383c4e') in 0.007257 seconds
Number of updated asset objects reloaded before import = 0
Number of asset objects unloaded after import = 3
========================================================================
Received Import Request.
  Time since last request: 0.000018 seconds.
  path: Assets/Classic Legacy Pack - Village/Environment/Environment Tiles/Tiles_28.asset
  artifactKey: Guid(2967d44654978594096c037a2c20b481) Importer(815301076,1909f56bfc062723c751e8b465ee728b)
Start importing Assets/Classic Legacy Pack - Village/Environment/Environment Tiles/Tiles_28.asset using Guid(2967d44654978594096c037a2c20b481) Importer(815301076,1909f56bfc062723c751e8b465ee728b)  -> (artifact id: '7717f9a61ed15a1cf30a8dab61ee9d61') in 0.007280 seconds
Number of updated asset objects reloaded before import = 0
Number of asset objects unloaded after import = 3
========================================================================
Received Import Request.
  Time since last request: 0.000018 seconds.
  path: Assets/Classic Legacy Pack - Village/Environment/Environment Tiles/Tiles_73.asset
  artifactKey: Guid(6b3c59086fae9ff46bc88158ccd82a1c) Importer(815301076,1909f56bfc062723c751e8b465ee728b)
Start importing Assets/Classic Legacy Pack - Village/Environment/Environment Tiles/Tiles_73.asset using Guid(6b3c59086fae9ff46bc88158ccd82a1c) Importer(815301076,1909f56bfc062723c751e8b465ee728b)  -> (artifact id: '017e0a9a80ac323d87c9c53ca09494ce') in 0.009257 seconds
Number of updated asset objects reloaded before import = 0
Number of asset objects unloaded after import = 3
========================================================================
Received Import Request.
  Time since last request: 0.000018 seconds.
  path: Assets/Classic Legacy Pack - Village/Environment/Environment Tiles/Tiles_18.asset
  artifactKey: Guid(2bc8cf3fd80d4f743a8a8ca85186b69e) Importer(815301076,1909f56bfc062723c751e8b465ee728b)
Start importing Assets/Classic Legacy Pack - Village/Environment/Environment Tiles/Tiles_18.asset using Guid(2bc8cf3fd80d4f743a8a8ca85186b69e) Importer(815301076,1909f56bfc062723c751e8b465ee728b)  -> (artifact id: 'd8ca7db0b2ff0feb6200ac6a100d256b') in 0.007880 seconds
Number of updated asset objects reloaded before import = 0
Number of asset objects unloaded after import = 3
========================================================================
Received Import Request.
  Time since last request: 4.339678 seconds.
  path: Assets/Classic Legacy Pack - Village/Environment/Environment Tiles/Tiles_91.asset
  artifactKey: Guid(58ee63d84392d8f4eba4a8dad48ca018) Importer(815301076,1909f56bfc062723c751e8b465ee728b)
Start importing Assets/Classic Legacy Pack - Village/Environment/Environment Tiles/Tiles_91.asset using Guid(58ee63d84392d8f4eba4a8dad48ca018) Importer(815301076,1909f56bfc062723c751e8b465ee728b)  -> (artifact id: '01fc7329d7afa65cb66653e69c89a0a5') in 0.007777 seconds
Number of updated asset objects reloaded before import = 0
Number of asset objects unloaded after import = 3
========================================================================
Received Import Request.
  Time since last request: 0.000017 seconds.
  path: Assets/Classic Legacy Pack - Village/Environment/Environment Tiles/Tiles_99.asset
  artifactKey: Guid(bf3ca4fdff2e29a4182c9482240d8026) Importer(815301076,1909f56bfc062723c751e8b465ee728b)
Start importing Assets/Classic Legacy Pack - Village/Environment/Environment Tiles/Tiles_99.asset using Guid(bf3ca4fdff2e29a4182c9482240d8026) Importer(815301076,1909f56bfc062723c751e8b465ee728b)  -> (artifact id: '771a8d386ce9015515ee572940b9ac85') in 0.008146 seconds
Number of updated asset objects reloaded before import = 0
Number of asset objects unloaded after import = 3
========================================================================
Received Import Request.
  Time since last request: 0.000017 seconds.
  path: Assets/Classic Legacy Pack - Village/Environment/Environment Tiles/Tiles_100.asset
  artifactKey: Guid(f41fe87b56190f749b6ec61e78efad6d) Importer(815301076,1909f56bfc062723c751e8b465ee728b)
Start importing Assets/Classic Legacy Pack - Village/Environment/Environment Tiles/Tiles_100.asset using Guid(f41fe87b56190f749b6ec61e78efad6d) Importer(815301076,1909f56bfc062723c751e8b465ee728b)  -> (artifact id: 'be720c99a809e6dd6bad4cdcea9895c1') in 0.007524 seconds
Number of updated asset objects reloaded before import = 0
Number of asset objects unloaded after import = 3
========================================================================
Received Import Request.
  Time since last request: 0.000025 seconds.
  path: Assets/Classic Legacy Pack - Village/Environment/Environment Tiles/Tiles_106.asset
  artifactKey: Guid(3bb3ca5b5a3358d469af50d3cfef32fc) Importer(815301076,1909f56bfc062723c751e8b465ee728b)
Start importing Assets/Classic Legacy Pack - Village/Environment/Environment Tiles/Tiles_106.asset using Guid(3bb3ca5b5a3358d469af50d3cfef32fc) Importer(815301076,1909f56bfc062723c751e8b465ee728b)  -> (artifact id: '9d140483a2480d96aeb8729690c72618') in 0.009814 seconds
Number of updated asset objects reloaded before import = 0
Number of asset objects unloaded after import = 3
========================================================================
Received Import Request.
  Time since last request: 0.000020 seconds.
  path: Assets/Classic Legacy Pack - Village/Environment/Environment Tiles/Tiles_104.asset
  artifactKey: Guid(b46b7c4559e09954cb2dd0c77c4d6d12) Importer(815301076,1909f56bfc062723c751e8b465ee728b)
Start importing Assets/Classic Legacy Pack - Village/Environment/Environment Tiles/Tiles_104.asset using Guid(b46b7c4559e09954cb2dd0c77c4d6d12) Importer(815301076,1909f56bfc062723c751e8b465ee728b)  -> (artifact id: '27f1b83848fe45d6c5dcdf84b0ce3828') in 0.007943 seconds
Number of updated asset objects reloaded before import = 0
Number of asset objects unloaded after import = 3
========================================================================
Received Import Request.
  Time since last request: 0.000015 seconds.
  path: Assets/Classic Legacy Pack - Village/Environment/Environment Tiles/Tiles_93.asset
  artifactKey: Guid(6cdc0af1a2f3b3c49b0e572f1e2e617d) Importer(815301076,1909f56bfc062723c751e8b465ee728b)
Start importing Assets/Classic Legacy Pack - Village/Environment/Environment Tiles/Tiles_93.asset using Guid(6cdc0af1a2f3b3c49b0e572f1e2e617d) Importer(815301076,1909f56bfc062723c751e8b465ee728b)  -> (artifact id: 'e1f5a267987ea967ac2935dd10615544') in 0.007962 seconds
Number of updated asset objects reloaded before import = 0
Number of asset objects unloaded after import = 3
========================================================================
Received Import Request.
  Time since last request: 0.000016 seconds.
  path: Assets/Classic Legacy Pack - Village/Environment/Environment Tiles/Tiles_98.asset
  artifactKey: Guid(61a43a2d908aa70419d267c54321e660) Importer(815301076,1909f56bfc062723c751e8b465ee728b)
Start importing Assets/Classic Legacy Pack - Village/Environment/Environment Tiles/Tiles_98.asset using Guid(61a43a2d908aa70419d267c54321e660) Importer(815301076,1909f56bfc062723c751e8b465ee728b)  -> (artifact id: '8037829a79316f777c894e161ebd9e50') in 0.007504 seconds
Number of updated asset objects reloaded before import = 0
Number of asset objects unloaded after import = 3
========================================================================
Received Import Request.
  Time since last request: 0.000018 seconds.
  path: Assets/Classic Legacy Pack - Village/Environment/Environment Tiles/Tiles_108.asset
  artifactKey: Guid(38e7f8a6fe38b1f418d212813904cbeb) Importer(815301076,1909f56bfc062723c751e8b465ee728b)
Start importing Assets/Classic Legacy Pack - Village/Environment/Environment Tiles/Tiles_108.asset using Guid(38e7f8a6fe38b1f418d212813904cbeb) Importer(815301076,1909f56bfc062723c751e8b465ee728b)  -> (artifact id: 'dc4165a6b1990d77e74b48426d390f40') in 0.006955 seconds
Number of updated asset objects reloaded before import = 0
Number of asset objects unloaded after import = 3
========================================================================
Received Import Request.
  Time since last request: 0.000015 seconds.
  path: Assets/Classic Legacy Pack - Village/Environment/Environment Tiles/Tiles_107.asset
  artifactKey: Guid(25a0261d79dcb7b4c9911248632b4c6b) Importer(815301076,1909f56bfc062723c751e8b465ee728b)
Start importing Assets/Classic Legacy Pack - Village/Environment/Environment Tiles/Tiles_107.asset using Guid(25a0261d79dcb7b4c9911248632b4c6b) Importer(815301076,1909f56bfc062723c751e8b465ee728b)  -> (artifact id: '2770695e1b1c67ae8f046d516e210496') in 0.011709 seconds
Number of updated asset objects reloaded before import = 0
Number of asset objects unloaded after import = 3
