Using pre-set license
Built from '2022.3/staging' branch; Version is '2022.3.13f1 (5f90a5ebde0f) revision 6262949'; Using compiler version '192829333'; Build Type 'Release'
OS: 'Windows 10  (10.0.19045) 64bit Enterprise' Language: 'ru' Physical Memory: 32716 MB
BatchMode: 1, IsHumanControllingUs: 0, StartBugReporterOnCrash: 0, Is64bit: 1, IsPro: 1

COMMAND LINE ARGUMENTS:
D:\Unity\2022.3.13f1\Editor\Unity.exe
-adb2
-batchMode
-noUpm
-name
AssetImportWorker1
-projectPath
D:/UnityProjects/The Haze
-logFile
Logs/AssetImportWorker1.log
-srvPort
58456
Successfully changed project path to: D:/UnityProjects/The Haze
D:/UnityProjects/The Haze
[UnityMemory] Configuration Parameters - Can be set up in boot.config
    "memorysetup-bucket-allocator-granularity=16"
    "memorysetup-bucket-allocator-bucket-count=8"
    "memorysetup-bucket-allocator-block-size=33554432"
    "memorysetup-bucket-allocator-block-count=8"
    "memorysetup-main-allocator-block-size=16777216"
    "memorysetup-thread-allocator-block-size=16777216"
    "memorysetup-gfx-main-allocator-block-size=16777216"
    "memorysetup-gfx-thread-allocator-block-size=16777216"
    "memorysetup-cache-allocator-block-size=4194304"
    "memorysetup-typetree-allocator-block-size=2097152"
    "memorysetup-profiler-bucket-allocator-granularity=16"
    "memorysetup-profiler-bucket-allocator-bucket-count=8"
    "memorysetup-profiler-bucket-allocator-block-size=33554432"
    "memorysetup-profiler-bucket-allocator-block-count=8"
    "memorysetup-profiler-allocator-block-size=16777216"
    "memorysetup-profiler-editor-allocator-block-size=1048576"
    "memorysetup-temp-allocator-size-main=16777216"
    "memorysetup-job-temp-allocator-block-size=2097152"
    "memorysetup-job-temp-allocator-block-size-background=1048576"
    "memorysetup-job-temp-allocator-reduction-small-platforms=262144"
    "memorysetup-allocator-temp-initial-block-size-main=262144"
    "memorysetup-allocator-temp-initial-block-size-worker=262144"
    "memorysetup-temp-allocator-size-background-worker=32768"
    "memorysetup-temp-allocator-size-job-worker=262144"
    "memorysetup-temp-allocator-size-preload-manager=33554432"
    "memorysetup-temp-allocator-size-nav-mesh-worker=65536"
    "memorysetup-temp-allocator-size-audio-worker=65536"
    "memorysetup-temp-allocator-size-cloud-worker=32768"
    "memorysetup-temp-allocator-size-gi-baking-worker=262144"
    "memorysetup-temp-allocator-size-gfx=262144"
Player connection [8828] Host "[IP] 192.168.0.111 [Port] 0 [Flags] 2 [Guid] 92659142 [EditorId] 92659142 [Version] 1048832 [Id] WindowsEditor(7,OlegatrPC) [Debug] 1 [PackageName] WindowsEditor [ProjectName] Editor" joined multi-casting on [225.0.0.222:54997]...

Player connection [8828] Host "[IP] 192.168.0.111 [Port] 0 [Flags] 2 [Guid] 92659142 [EditorId] 92659142 [Version] 1048832 [Id] WindowsEditor(7,OlegatrPC) [Debug] 1 [PackageName] WindowsEditor [ProjectName] Editor" joined alternative multi-casting on [225.0.0.222:34997]...

[Physics::Module] Initialized MultithreadedJobDispatcher with 7 workers.
Refreshing native plugins compatible for Editor in 35.24 ms, found 4 plugins.
Preloading 0 native plugins for Editor in 0.00 ms.
Initialize engine version: 2022.3.13f1 (5f90a5ebde0f)
[Subsystems] Discovering subsystems at path D:/Unity/2022.3.13f1/Editor/Data/Resources/UnitySubsystems
[Subsystems] Discovering subsystems at path D:/UnityProjects/The Haze/Assets
GfxDevice: creating device client; threaded=0; jobified=0
Direct3D:
    Version:  Direct3D 11.0 [level 11.1]
    Renderer: NVIDIA GeForce GTX 1650 (ID=0x1f82)
    Vendor:   NVIDIA
    VRAM:     3950 MB
    Driver:   31.0.15.4601
Initialize mono
Mono path[0] = 'D:/Unity/2022.3.13f1/Editor/Data/Managed'
Mono path[1] = 'D:/Unity/2022.3.13f1/Editor/Data/MonoBleedingEdge/lib/mono/unityjit-win32'
Mono config path = 'D:/Unity/2022.3.13f1/Editor/Data/MonoBleedingEdge/etc'
Using monoOptions --debugger-agent=transport=dt_socket,embedding=1,server=y,suspend=n,address=127.0.0.1:56752
Begin MonoManager ReloadAssembly
Registering precompiled unity dll's ...
Register platform support module: D:/Unity/2022.3.13f1/Editor/Data/PlaybackEngines/WindowsStandaloneSupport/UnityEditor.WindowsStandalone.Extensions.dll
Registered in 0.026983 seconds.
- Loaded All Assemblies, in  0.598 seconds
Native extension for WindowsStandalone target not found
Mono: successfully reloaded assembly
- Finished resetting the current domain, in  0.381 seconds
Domain Reload Profiling: 968ms
	BeginReloadAssembly (208ms)
		ExecutionOrderSort (0ms)
		DisableScriptedObjects (0ms)
		BackupInstance (0ms)
		ReleaseScriptingObjects (0ms)
		CreateAndSetChildDomain (1ms)
	RebuildCommonClasses (55ms)
	RebuildNativeTypeToScriptingClass (18ms)
	initialDomainReloadingComplete (120ms)
	LoadAllAssembliesAndSetupDomain (187ms)
		LoadAssemblies (197ms)
		RebuildTransferFunctionScriptingTraits (0ms)
		AnalyzeDomain (183ms)
			TypeCache.Refresh (182ms)
				TypeCache.ScanAssembly (165ms)
			ScanForSourceGeneratedMonoScriptInfo (0ms)
			ResolveRequiredComponents (1ms)
	FinalizeReload (381ms)
		ReleaseScriptCaches (0ms)
		RebuildScriptCaches (0ms)
		SetupLoadedEditorAssemblies (299ms)
			LogAssemblyErrors (0ms)
			InitializePlatformSupportModulesInManaged (18ms)
			SetLoadedEditorAssemblies (11ms)
			RefreshPlugins (0ms)
			BeforeProcessingInitializeOnLoad (3ms)
			ProcessInitializeOnLoadAttributes (195ms)
			ProcessInitializeOnLoadMethodAttributes (72ms)
			AfterProcessingInitializeOnLoad (0ms)
			EditorAssembliesLoaded (0ms)
		ExecutionOrderSort2 (0ms)
		AwakeInstancesAfterBackupRestoration (0ms)
========================================================================
Worker process is ready to serve import requests
Begin MonoManager ReloadAssembly
- Loaded All Assemblies, in  1.144 seconds
Refreshing native plugins compatible for Editor in 17.53 ms, found 4 plugins.
Native extension for WindowsStandalone target not found
Package Manager log level set to [2]
[Package Manager] Server::EnsureServerProcessIsRunning -- launch failed, reason: Unity was launched with the -noUpm command-line argument
[Package Manager] UpmClient::Send -- Unable to send message (not connected to UPM process).
[Package Manager] Cannot connect to Unity Package Manager local server
Mono: successfully reloaded assembly
- Finished resetting the current domain, in  0.900 seconds
Domain Reload Profiling: 2024ms
	BeginReloadAssembly (257ms)
		ExecutionOrderSort (0ms)
		DisableScriptedObjects (8ms)
		BackupInstance (0ms)
		ReleaseScriptingObjects (0ms)
		CreateAndSetChildDomain (28ms)
	RebuildCommonClasses (50ms)
	RebuildNativeTypeToScriptingClass (15ms)
	initialDomainReloadingComplete (89ms)
	LoadAllAssembliesAndSetupDomain (712ms)
		LoadAssemblies (640ms)
		RebuildTransferFunctionScriptingTraits (0ms)
		AnalyzeDomain (237ms)
			TypeCache.Refresh (204ms)
				TypeCache.ScanAssembly (184ms)
			ScanForSourceGeneratedMonoScriptInfo (26ms)
			ResolveRequiredComponents (6ms)
	FinalizeReload (901ms)
		ReleaseScriptCaches (0ms)
		RebuildScriptCaches (0ms)
		SetupLoadedEditorAssemblies (695ms)
			LogAssemblyErrors (0ms)
			InitializePlatformSupportModulesInManaged (12ms)
			SetLoadedEditorAssemblies (5ms)
			RefreshPlugins (0ms)
			BeforeProcessingInitializeOnLoad (146ms)
			ProcessInitializeOnLoadAttributes (440ms)
			ProcessInitializeOnLoadMethodAttributes (58ms)
			AfterProcessingInitializeOnLoad (32ms)
			EditorAssembliesLoaded (0ms)
		ExecutionOrderSort2 (0ms)
		AwakeInstancesAfterBackupRestoration (9ms)
Launched and connected shader compiler UnityShaderCompiler.exe after 0.07 seconds
Refreshing native plugins compatible for Editor in 21.60 ms, found 4 plugins.
Preloading 0 native plugins for Editor in 0.00 ms.
Unloading 4016 Unused Serialized files (Serialized files now loaded: 0)
Unloading 70 unused Assets / (244.3 KB). Loaded Objects now: 4471.
Memory consumption went from 143.9 MB to 143.6 MB.
Total: 4.462100 ms (FindLiveObjects: 0.366400 ms CreateObjectMapping: 0.161000 ms MarkObjects: 3.595300 ms  DeleteObjects: 0.338100 ms)

AssetImportParameters requested are different than current active one (requested -> active):
  custom:container-demuxer-ogg: 62fdf1f143b41e24485cea50d1cbac27 -> 
  custom:video-decoder-ogg-theora: a1e56fd34408186e4bbccfd4996cb3dc -> 
  custom:framework-win-MediaFoundation: 216162199b28c13a410421893ffa2e32 -> 
  custom:CustomObjectIndexerAttribute: 756ad292c208cfabdd7b50bc23989ffe -> 
  custom:container-demuxer-webm: 4f35f7cbe854078d1ac9338744f61a02 -> 
  custom:container-muxer-webm: aa71ff27fc2769a1b78a27578f13a17b -> 
  custom:video-decoder-webm-vp8: 9c59270c3fd7afecdb556c50c9e8de78 -> 
  custom:SearchIndexIgnoredProperties: e643bd26f0fe6173181afceb89e7c659 -> 
  custom:AudioImporter_EditorPlatform: d09bf68614088b80899f8185d706f6e7 -> 
  custom:video-encoder-webm-vp8: eb34c28f22e8b96e1ab97ce403110664 -> 
  custom:audio-decoder-ogg-vorbis: bf7c407c2cedff20999df2af8eb42d56 -> 
  custom:audio-encoder-webm-vorbis: bf7c407c2cedff20999df2af8eb42d56 -> 
========================================================================
Received Prepare
Begin MonoManager ReloadAssembly
- Loaded All Assemblies, in  0.983 seconds
Refreshing native plugins compatible for Editor in 18.77 ms, found 4 plugins.
Native extension for WindowsStandalone target not found
[Package Manager] Server::EnsureServerProcessIsRunning -- launch failed, reason: Unity was launched with the -noUpm command-line argument
[Package Manager] UpmClient::Send -- Unable to send message (not connected to UPM process).
[Package Manager] Cannot connect to Unity Package Manager local server
Mono: successfully reloaded assembly
- Finished resetting the current domain, in  3.196 seconds
Domain Reload Profiling: 4157ms
	BeginReloadAssembly (276ms)
		ExecutionOrderSort (0ms)
		DisableScriptedObjects (16ms)
		BackupInstance (0ms)
		ReleaseScriptingObjects (0ms)
		CreateAndSetChildDomain (42ms)
	RebuildCommonClasses (53ms)
	RebuildNativeTypeToScriptingClass (18ms)
	initialDomainReloadingComplete (76ms)
	LoadAllAssembliesAndSetupDomain (537ms)
		LoadAssemblies (684ms)
		RebuildTransferFunctionScriptingTraits (0ms)
		AnalyzeDomain (17ms)
			TypeCache.Refresh (8ms)
				TypeCache.ScanAssembly (0ms)
			ScanForSourceGeneratedMonoScriptInfo (0ms)
			ResolveRequiredComponents (8ms)
	FinalizeReload (3197ms)
		ReleaseScriptCaches (0ms)
		RebuildScriptCaches (0ms)
		SetupLoadedEditorAssemblies (726ms)
			LogAssemblyErrors (0ms)
			InitializePlatformSupportModulesInManaged (21ms)
			SetLoadedEditorAssemblies (6ms)
			RefreshPlugins (0ms)
			BeforeProcessingInitializeOnLoad (173ms)
			ProcessInitializeOnLoadAttributes (437ms)
			ProcessInitializeOnLoadMethodAttributes (53ms)
			AfterProcessingInitializeOnLoad (36ms)
			EditorAssembliesLoaded (0ms)
		ExecutionOrderSort2 (0ms)
		AwakeInstancesAfterBackupRestoration (21ms)
Refreshing native plugins compatible for Editor in 20.75 ms, found 4 plugins.
Preloading 0 native plugins for Editor in 0.00 ms.
Unloading 4011 Unused Serialized files (Serialized files now loaded: 0)
Unloading 42 unused Assets / (216.2 KB). Loaded Objects now: 4476.
Memory consumption went from 144.5 MB to 144.2 MB.
Total: 5.510400 ms (FindLiveObjects: 0.375900 ms CreateObjectMapping: 0.154900 ms MarkObjects: 4.741200 ms  DeleteObjects: 0.236800 ms)

Prepare: number of updated asset objects reloaded= 0
AssetImportParameters requested are different than current active one (requested -> active):
  custom:container-demuxer-ogg: 62fdf1f143b41e24485cea50d1cbac27 -> 
  custom:video-decoder-ogg-theora: a1e56fd34408186e4bbccfd4996cb3dc -> 
  custom:framework-win-MediaFoundation: 216162199b28c13a410421893ffa2e32 -> 
  custom:CustomObjectIndexerAttribute: 756ad292c208cfabdd7b50bc23989ffe -> 
  custom:container-demuxer-webm: 4f35f7cbe854078d1ac9338744f61a02 -> 
  custom:container-muxer-webm: aa71ff27fc2769a1b78a27578f13a17b -> 
  custom:video-decoder-webm-vp8: 9c59270c3fd7afecdb556c50c9e8de78 -> 
  custom:SearchIndexIgnoredProperties: e643bd26f0fe6173181afceb89e7c659 -> 
  custom:AudioImporter_EditorPlatform: d09bf68614088b80899f8185d706f6e7 -> 
  custom:video-encoder-webm-vp8: eb34c28f22e8b96e1ab97ce403110664 -> 
  custom:audio-decoder-ogg-vorbis: bf7c407c2cedff20999df2af8eb42d56 -> 
  custom:audio-encoder-webm-vorbis: bf7c407c2cedff20999df2af8eb42d56 -> 
========================================================================
Received Import Request.
  Time since last request: 12592.184945 seconds.
  path: Assets/Classic Legacy Pack - Village/Enemy/Skeleton.png
  artifactKey: Guid(40acb5c36cb9b98499ca368f3059cd82) Importer(815301076,1909f56bfc062723c751e8b465ee728b)
Start importing Assets/Classic Legacy Pack - Village/Enemy/Skeleton.png using Guid(40acb5c36cb9b98499ca368f3059cd82) Importer(815301076,1909f56bfc062723c751e8b465ee728b)  -> (artifact id: '0997b15b848e397af7958d4bb98b268d') in 0.151098 seconds
Number of updated asset objects reloaded before import = 0
Number of asset objects unloaded after import = 8
========================================================================
Received Prepare
Begin MonoManager ReloadAssembly
- Loaded All Assemblies, in  0.984 seconds
Refreshing native plugins compatible for Editor in 20.46 ms, found 4 plugins.
Native extension for WindowsStandalone target not found
[Package Manager] Server::EnsureServerProcessIsRunning -- launch failed, reason: Unity was launched with the -noUpm command-line argument
[Package Manager] UpmClient::Send -- Unable to send message (not connected to UPM process).
[Package Manager] Cannot connect to Unity Package Manager local server
Mono: successfully reloaded assembly
- Finished resetting the current domain, in  2.251 seconds
Domain Reload Profiling: 3213ms
	BeginReloadAssembly (283ms)
		ExecutionOrderSort (0ms)
		DisableScriptedObjects (16ms)
		BackupInstance (0ms)
		ReleaseScriptingObjects (0ms)
		CreateAndSetChildDomain (43ms)
	RebuildCommonClasses (56ms)
	RebuildNativeTypeToScriptingClass (18ms)
	initialDomainReloadingComplete (76ms)
	LoadAllAssembliesAndSetupDomain (529ms)
		LoadAssemblies (681ms)
		RebuildTransferFunctionScriptingTraits (0ms)
		AnalyzeDomain (17ms)
			TypeCache.Refresh (6ms)
				TypeCache.ScanAssembly (0ms)
			ScanForSourceGeneratedMonoScriptInfo (0ms)
			ResolveRequiredComponents (9ms)
	FinalizeReload (2252ms)
		ReleaseScriptCaches (0ms)
		RebuildScriptCaches (0ms)
		SetupLoadedEditorAssemblies (705ms)
			LogAssemblyErrors (0ms)
			InitializePlatformSupportModulesInManaged (15ms)
			SetLoadedEditorAssemblies (5ms)
			RefreshPlugins (0ms)
			BeforeProcessingInitializeOnLoad (174ms)
			ProcessInitializeOnLoadAttributes (423ms)
			ProcessInitializeOnLoadMethodAttributes (53ms)
			AfterProcessingInitializeOnLoad (34ms)
			EditorAssembliesLoaded (0ms)
		ExecutionOrderSort2 (0ms)
		AwakeInstancesAfterBackupRestoration (20ms)
Refreshing native plugins compatible for Editor in 17.58 ms, found 4 plugins.
Preloading 0 native plugins for Editor in 0.00 ms.
Unloading 4010 Unused Serialized files (Serialized files now loaded: 0)
Unloading 42 unused Assets / (216.4 KB). Loaded Objects now: 4487.
Memory consumption went from 150.5 MB to 150.3 MB.
Total: 3.517700 ms (FindLiveObjects: 0.334600 ms CreateObjectMapping: 0.110400 ms MarkObjects: 2.872800 ms  DeleteObjects: 0.198900 ms)

Prepare: number of updated asset objects reloaded= 0
AssetImportParameters requested are different than current active one (requested -> active):
  custom:container-demuxer-ogg: 62fdf1f143b41e24485cea50d1cbac27 -> 
  custom:video-decoder-ogg-theora: a1e56fd34408186e4bbccfd4996cb3dc -> 
  custom:framework-win-MediaFoundation: 216162199b28c13a410421893ffa2e32 -> 
  custom:CustomObjectIndexerAttribute: 756ad292c208cfabdd7b50bc23989ffe -> 
  custom:container-demuxer-webm: 4f35f7cbe854078d1ac9338744f61a02 -> 
  custom:container-muxer-webm: aa71ff27fc2769a1b78a27578f13a17b -> 
  custom:video-decoder-webm-vp8: 9c59270c3fd7afecdb556c50c9e8de78 -> 
  custom:SearchIndexIgnoredProperties: e643bd26f0fe6173181afceb89e7c659 -> 
  custom:AudioImporter_EditorPlatform: d09bf68614088b80899f8185d706f6e7 -> 
  custom:video-encoder-webm-vp8: eb34c28f22e8b96e1ab97ce403110664 -> 
  custom:audio-decoder-ogg-vorbis: bf7c407c2cedff20999df2af8eb42d56 -> 
  custom:audio-encoder-webm-vorbis: bf7c407c2cedff20999df2af8eb42d56 -> 
========================================================================
Received Import Request.
  Time since last request: 445.231735 seconds.
  path: Packages/com.unity.2d.sprite/Editor/ObjectMenuCreation/DefaultAssets/Textures/9-SlicedWithBorder.png
  artifactKey: Guid(cc35afd292fc349128b36a291fb3a165) Importer(815301076,1909f56bfc062723c751e8b465ee728b)
Start importing Packages/com.unity.2d.sprite/Editor/ObjectMenuCreation/DefaultAssets/Textures/9-SlicedWithBorder.png using Guid(cc35afd292fc349128b36a291fb3a165) Importer(815301076,1909f56bfc062723c751e8b465ee728b)  -> (artifact id: '6aeacec9e927227efa6306f43e4ab3b4') in 0.106508 seconds
Number of updated asset objects reloaded before import = 0
Number of asset objects unloaded after import = 3
========================================================================
Received Import Request.
  Time since last request: 0.000021 seconds.
  path: Packages/com.unity.2d.sprite/Editor/ObjectMenuCreation/DefaultAssets/Textures/HexagonPointed-TopWithBorder.png
  artifactKey: Guid(4b2a04fdbe0ef4d8da8f90eaca817cd1) Importer(815301076,1909f56bfc062723c751e8b465ee728b)
Start importing Packages/com.unity.2d.sprite/Editor/ObjectMenuCreation/DefaultAssets/Textures/HexagonPointed-TopWithBorder.png using Guid(4b2a04fdbe0ef4d8da8f90eaca817cd1) Importer(815301076,1909f56bfc062723c751e8b465ee728b)  -> (artifact id: '6687a32274e97c63729b83981b16e990') in 0.033094 seconds
Number of updated asset objects reloaded before import = 0
Number of asset objects unloaded after import = 3
========================================================================
Received Import Request.
  Time since last request: 0.000024 seconds.
  path: Packages/com.unity.2d.sprite/Editor/ObjectMenuCreation/DefaultAssets/Textures/Capsule.png
  artifactKey: Guid(bd3cb4af8406d4436a2ae8c2aafe1f8d) Importer(815301076,1909f56bfc062723c751e8b465ee728b)
Start importing Packages/com.unity.2d.sprite/Editor/ObjectMenuCreation/DefaultAssets/Textures/Capsule.png using Guid(bd3cb4af8406d4436a2ae8c2aafe1f8d) Importer(815301076,1909f56bfc062723c751e8b465ee728b)  -> (artifact id: 'ace739464edd434d5915c1f1cee3fb3d') in 0.036458 seconds
Number of updated asset objects reloaded before import = 0
Number of asset objects unloaded after import = 3
========================================================================
Received Import Request.
  Time since last request: 0.000022 seconds.
  path: Packages/com.unity.2d.sprite/Editor/ObjectMenuCreation/DefaultAssets/Textures/CircleMask.png
  artifactKey: Guid(87aaca0a643d54397ba969dab4fc8875) Importer(815301076,1909f56bfc062723c751e8b465ee728b)
Start importing Packages/com.unity.2d.sprite/Editor/ObjectMenuCreation/DefaultAssets/Textures/CircleMask.png using Guid(87aaca0a643d54397ba969dab4fc8875) Importer(815301076,1909f56bfc062723c751e8b465ee728b)  -> (artifact id: '7ce0385ce6bb54151a9f2e4092330fa1') in 0.032616 seconds
Number of updated asset objects reloaded before import = 0
Number of asset objects unloaded after import = 3
========================================================================
Received Import Request.
  Time since last request: 0.000019 seconds.
  path: Packages/com.unity.2d.sprite/Editor/ObjectMenuCreation/DefaultAssets/Textures/Square.png
  artifactKey: Guid(48e93eef0688c4a259cb0eddcd8661f7) Importer(815301076,1909f56bfc062723c751e8b465ee728b)
Start importing Packages/com.unity.2d.sprite/Editor/ObjectMenuCreation/DefaultAssets/Textures/Square.png using Guid(48e93eef0688c4a259cb0eddcd8661f7) Importer(815301076,1909f56bfc062723c751e8b465ee728b)  -> (artifact id: 'faa01750b6a56527edee90179e4dd398') in 0.035061 seconds
Number of updated asset objects reloaded before import = 0
Number of asset objects unloaded after import = 3
========================================================================
Received Import Request.
  Time since last request: 0.000022 seconds.
  path: Packages/com.unity.2d.sprite/Editor/ObjectMenuCreation/DefaultAssets/Textures/SquareWithBorder.png
  artifactKey: Guid(db750325989564987a34393247d883b4) Importer(815301076,1909f56bfc062723c751e8b465ee728b)
Start importing Packages/com.unity.2d.sprite/Editor/ObjectMenuCreation/DefaultAssets/Textures/SquareWithBorder.png using Guid(db750325989564987a34393247d883b4) Importer(815301076,1909f56bfc062723c751e8b465ee728b)  -> (artifact id: '2bc0cbe7e57f8a31c67df77fe2edf120') in 0.035916 seconds
Number of updated asset objects reloaded before import = 0
Number of asset objects unloaded after import = 3
========================================================================
Received Import Request.
  Time since last request: 0.000016 seconds.
  path: Packages/com.unity.2d.sprite/Editor/ObjectMenuCreation/DefaultAssets/Textures/CapsuleWithBorder.png
  artifactKey: Guid(34587324d412940a79d530020c957dc0) Importer(815301076,1909f56bfc062723c751e8b465ee728b)
Start importing Packages/com.unity.2d.sprite/Editor/ObjectMenuCreation/DefaultAssets/Textures/CapsuleWithBorder.png using Guid(34587324d412940a79d530020c957dc0) Importer(815301076,1909f56bfc062723c751e8b465ee728b)  -> (artifact id: '919e6be99fd043603e40a143c2198e7b') in 0.034138 seconds
Number of updated asset objects reloaded before import = 0
Number of asset objects unloaded after import = 3
========================================================================
Received Import Request.
  Time since last request: 0.000022 seconds.
  path: Packages/com.unity.2d.sprite/Editor/ObjectMenuCreation/DefaultAssets/Textures/IsometricDiamondWithBorder.png
  artifactKey: Guid(0d267bc78a0864eb48358689b29ed20a) Importer(815301076,1909f56bfc062723c751e8b465ee728b)
Start importing Packages/com.unity.2d.sprite/Editor/ObjectMenuCreation/DefaultAssets/Textures/IsometricDiamondWithBorder.png using Guid(0d267bc78a0864eb48358689b29ed20a) Importer(815301076,1909f56bfc062723c751e8b465ee728b)  -> (artifact id: '788b18013e829bf79bdedf2a5fa26c8b') in 0.029673 seconds
Number of updated asset objects reloaded before import = 0
Number of asset objects unloaded after import = 3
========================================================================
Received Import Request.
  Time since last request: 98.613465 seconds.
  path: Packages/com.unity.2d.sprite/Editor/ObjectMenuCreation/DefaultAssets/Textures/v2/Capsule.png
  artifactKey: Guid(207ee8102dd4143d288186ef0be518ee) Importer(815301076,1909f56bfc062723c751e8b465ee728b)
Start importing Packages/com.unity.2d.sprite/Editor/ObjectMenuCreation/DefaultAssets/Textures/v2/Capsule.png using Guid(207ee8102dd4143d288186ef0be518ee) Importer(815301076,1909f56bfc062723c751e8b465ee728b)  -> (artifact id: '656e322d3d76f970af24fc828c8d8071') in 0.031821 seconds
Number of updated asset objects reloaded before import = 0
Number of asset objects unloaded after import = 3
========================================================================
Received Import Request.
  Time since last request: 0.000015 seconds.
  path: Packages/com.unity.2d.sprite/Editor/ObjectMenuCreation/DefaultAssets/Textures/v2/HexagonPointedTop.png
  artifactKey: Guid(5aa8b770bc43046bc8d993d0d5b7f4a5) Importer(815301076,1909f56bfc062723c751e8b465ee728b)
Start importing Packages/com.unity.2d.sprite/Editor/ObjectMenuCreation/DefaultAssets/Textures/v2/HexagonPointedTop.png using Guid(5aa8b770bc43046bc8d993d0d5b7f4a5) Importer(815301076,1909f56bfc062723c751e8b465ee728b)  -> (artifact id: 'a63d7f7a63753e8a94a7ad9aa26d6bdb') in 0.031005 seconds
Number of updated asset objects reloaded before import = 0
Number of asset objects unloaded after import = 3
========================================================================
Received Import Request.
  Time since last request: 0.000016 seconds.
  path: Packages/com.unity.2d.sprite/Editor/ObjectMenuCreation/DefaultAssets/Textures/v2/HexagonFlatTop.png
  artifactKey: Guid(b670ab75dde984907b8570040daa08c5) Importer(815301076,1909f56bfc062723c751e8b465ee728b)
Start importing Packages/com.unity.2d.sprite/Editor/ObjectMenuCreation/DefaultAssets/Textures/v2/HexagonFlatTop.png using Guid(b670ab75dde984907b8570040daa08c5) Importer(815301076,1909f56bfc062723c751e8b465ee728b)  -> (artifact id: 'ff1c1b8721c2bac8ef939cb6fa81bb2f') in 0.037337 seconds
Number of updated asset objects reloaded before import = 0
Number of asset objects unloaded after import = 3
========================================================================
Received Import Request.
  Time since last request: 0.000019 seconds.
  path: Packages/com.unity.2d.sprite/Editor/ObjectMenuCreation/DefaultAssets/Textures/v2/Triangle.png
  artifactKey: Guid(75f5f34dc1b5347e0b8351032682f224) Importer(815301076,1909f56bfc062723c751e8b465ee728b)
Start importing Packages/com.unity.2d.sprite/Editor/ObjectMenuCreation/DefaultAssets/Textures/v2/Triangle.png using Guid(75f5f34dc1b5347e0b8351032682f224) Importer(815301076,1909f56bfc062723c751e8b465ee728b)  -> (artifact id: '66c2793db342aa8ed251b437b6994ed7') in 0.033536 seconds
Number of updated asset objects reloaded before import = 0
Number of asset objects unloaded after import = 3
========================================================================
Received Prepare
Begin MonoManager ReloadAssembly
- Loaded All Assemblies, in  1.029 seconds
Refreshing native plugins compatible for Editor in 20.27 ms, found 4 plugins.
Native extension for WindowsStandalone target not found
[Package Manager] Server::EnsureServerProcessIsRunning -- launch failed, reason: Unity was launched with the -noUpm command-line argument
[Package Manager] UpmClient::Send -- Unable to send message (not connected to UPM process).
[Package Manager] Cannot connect to Unity Package Manager local server
Mono: successfully reloaded assembly
- Finished resetting the current domain, in  2.278 seconds
Domain Reload Profiling: 3285ms
	BeginReloadAssembly (300ms)
		ExecutionOrderSort (0ms)
		DisableScriptedObjects (18ms)
		BackupInstance (0ms)
		ReleaseScriptingObjects (0ms)
		CreateAndSetChildDomain (51ms)
	RebuildCommonClasses (56ms)
	RebuildNativeTypeToScriptingClass (16ms)
	initialDomainReloadingComplete (78ms)
	LoadAllAssembliesAndSetupDomain (556ms)
		LoadAssemblies (712ms)
		RebuildTransferFunctionScriptingTraits (0ms)
		AnalyzeDomain (17ms)
			TypeCache.Refresh (7ms)
				TypeCache.ScanAssembly (0ms)
			ScanForSourceGeneratedMonoScriptInfo (0ms)
			ResolveRequiredComponents (9ms)
	FinalizeReload (2279ms)
		ReleaseScriptCaches (0ms)
		RebuildScriptCaches (0ms)
		SetupLoadedEditorAssemblies (713ms)
			LogAssemblyErrors (0ms)
			InitializePlatformSupportModulesInManaged (16ms)
			SetLoadedEditorAssemblies (6ms)
			RefreshPlugins (0ms)
			BeforeProcessingInitializeOnLoad (174ms)
			ProcessInitializeOnLoadAttributes (433ms)
			ProcessInitializeOnLoadMethodAttributes (51ms)
			AfterProcessingInitializeOnLoad (34ms)
			EditorAssembliesLoaded (0ms)
		ExecutionOrderSort2 (0ms)
		AwakeInstancesAfterBackupRestoration (22ms)
Refreshing native plugins compatible for Editor in 18.40 ms, found 4 plugins.
Preloading 0 native plugins for Editor in 0.00 ms.
Unloading 4010 Unused Serialized files (Serialized files now loaded: 0)
Unloading 42 unused Assets / (216.4 KB). Loaded Objects now: 4501.
Memory consumption went from 152.5 MB to 152.3 MB.
Total: 5.095700 ms (FindLiveObjects: 0.388000 ms CreateObjectMapping: 0.159300 ms MarkObjects: 4.317800 ms  DeleteObjects: 0.229000 ms)

Prepare: number of updated asset objects reloaded= 0
AssetImportParameters requested are different than current active one (requested -> active):
  custom:container-demuxer-ogg: 62fdf1f143b41e24485cea50d1cbac27 -> 
  custom:video-decoder-ogg-theora: a1e56fd34408186e4bbccfd4996cb3dc -> 
  custom:framework-win-MediaFoundation: 216162199b28c13a410421893ffa2e32 -> 
  custom:CustomObjectIndexerAttribute: 756ad292c208cfabdd7b50bc23989ffe -> 
  custom:container-demuxer-webm: 4f35f7cbe854078d1ac9338744f61a02 -> 
  custom:container-muxer-webm: aa71ff27fc2769a1b78a27578f13a17b -> 
  custom:video-decoder-webm-vp8: 9c59270c3fd7afecdb556c50c9e8de78 -> 
  custom:SearchIndexIgnoredProperties: e643bd26f0fe6173181afceb89e7c659 -> 
  custom:AudioImporter_EditorPlatform: d09bf68614088b80899f8185d706f6e7 -> 
  custom:video-encoder-webm-vp8: eb34c28f22e8b96e1ab97ce403110664 -> 
  custom:audio-decoder-ogg-vorbis: bf7c407c2cedff20999df2af8eb42d56 -> 
  custom:audio-encoder-webm-vorbis: bf7c407c2cedff20999df2af8eb42d56 -> 
========================================================================
Received Prepare
Begin MonoManager ReloadAssembly
- Loaded All Assemblies, in  0.987 seconds
Refreshing native plugins compatible for Editor in 18.17 ms, found 4 plugins.
Native extension for WindowsStandalone target not found
[Package Manager] Server::EnsureServerProcessIsRunning -- launch failed, reason: Unity was launched with the -noUpm command-line argument
[Package Manager] UpmClient::Send -- Unable to send message (not connected to UPM process).
[Package Manager] Cannot connect to Unity Package Manager local server
Mono: successfully reloaded assembly
- Finished resetting the current domain, in  2.310 seconds
Domain Reload Profiling: 3275ms
	BeginReloadAssembly (298ms)
		ExecutionOrderSort (0ms)
		DisableScriptedObjects (18ms)
		BackupInstance (0ms)
		ReleaseScriptingObjects (0ms)
		CreateAndSetChildDomain (44ms)
	RebuildCommonClasses (53ms)
	RebuildNativeTypeToScriptingClass (18ms)
	initialDomainReloadingComplete (77ms)
	LoadAllAssembliesAndSetupDomain (518ms)
		LoadAssemblies (675ms)
		RebuildTransferFunctionScriptingTraits (0ms)
		AnalyzeDomain (17ms)
			TypeCache.Refresh (7ms)
				TypeCache.ScanAssembly (0ms)
			ScanForSourceGeneratedMonoScriptInfo (0ms)
			ResolveRequiredComponents (8ms)
	FinalizeReload (2311ms)
		ReleaseScriptCaches (0ms)
		RebuildScriptCaches (0ms)
		SetupLoadedEditorAssemblies (732ms)
			LogAssemblyErrors (0ms)
			InitializePlatformSupportModulesInManaged (15ms)
			SetLoadedEditorAssemblies (5ms)
			RefreshPlugins (0ms)
			BeforeProcessingInitializeOnLoad (185ms)
			ProcessInitializeOnLoadAttributes (430ms)
			ProcessInitializeOnLoadMethodAttributes (60ms)
			AfterProcessingInitializeOnLoad (37ms)
			EditorAssembliesLoaded (0ms)
		ExecutionOrderSort2 (0ms)
		AwakeInstancesAfterBackupRestoration (20ms)
Refreshing native plugins compatible for Editor in 19.04 ms, found 4 plugins.
Preloading 0 native plugins for Editor in 0.00 ms.
Unloading 4011 Unused Serialized files (Serialized files now loaded: 0)
Unloading 42 unused Assets / (217.6 KB). Loaded Objects now: 4505.
Memory consumption went from 154.6 MB to 154.4 MB.
Total: 4.249300 ms (FindLiveObjects: 0.390200 ms CreateObjectMapping: 0.154700 ms MarkObjects: 3.416200 ms  DeleteObjects: 0.286300 ms)

Prepare: number of updated asset objects reloaded= 0
AssetImportParameters requested are different than current active one (requested -> active):
  custom:container-demuxer-ogg: 62fdf1f143b41e24485cea50d1cbac27 -> 
  custom:video-decoder-ogg-theora: a1e56fd34408186e4bbccfd4996cb3dc -> 
  custom:framework-win-MediaFoundation: 216162199b28c13a410421893ffa2e32 -> 
  custom:CustomObjectIndexerAttribute: 756ad292c208cfabdd7b50bc23989ffe -> 
  custom:container-demuxer-webm: 4f35f7cbe854078d1ac9338744f61a02 -> 
  custom:container-muxer-webm: aa71ff27fc2769a1b78a27578f13a17b -> 
  custom:video-decoder-webm-vp8: 9c59270c3fd7afecdb556c50c9e8de78 -> 
  custom:SearchIndexIgnoredProperties: e643bd26f0fe6173181afceb89e7c659 -> 
  custom:AudioImporter_EditorPlatform: d09bf68614088b80899f8185d706f6e7 -> 
  custom:video-encoder-webm-vp8: eb34c28f22e8b96e1ab97ce403110664 -> 
  custom:audio-decoder-ogg-vorbis: bf7c407c2cedff20999df2af8eb42d56 -> 
  custom:audio-encoder-webm-vorbis: bf7c407c2cedff20999df2af8eb42d56 -> 
========================================================================
Received Prepare
Begin MonoManager ReloadAssembly
- Loaded All Assemblies, in  1.021 seconds
Refreshing native plugins compatible for Editor in 19.59 ms, found 4 plugins.
Native extension for WindowsStandalone target not found
[Package Manager] Server::EnsureServerProcessIsRunning -- launch failed, reason: Unity was launched with the -noUpm command-line argument
[Package Manager] UpmClient::Send -- Unable to send message (not connected to UPM process).
[Package Manager] Cannot connect to Unity Package Manager local server
Mono: successfully reloaded assembly
- Finished resetting the current domain, in  2.285 seconds
Domain Reload Profiling: 3284ms
	BeginReloadAssembly (295ms)
		ExecutionOrderSort (0ms)
		DisableScriptedObjects (18ms)
		BackupInstance (0ms)
		ReleaseScriptingObjects (0ms)
		CreateAndSetChildDomain (45ms)
	RebuildCommonClasses (59ms)
	RebuildNativeTypeToScriptingClass (21ms)
	initialDomainReloadingComplete (75ms)
	LoadAllAssembliesAndSetupDomain (548ms)
		LoadAssemblies (710ms)
		RebuildTransferFunctionScriptingTraits (0ms)
		AnalyzeDomain (16ms)
			TypeCache.Refresh (7ms)
				TypeCache.ScanAssembly (0ms)
			ScanForSourceGeneratedMonoScriptInfo (0ms)
			ResolveRequiredComponents (8ms)
	FinalizeReload (2286ms)
		ReleaseScriptCaches (0ms)
		RebuildScriptCaches (0ms)
		SetupLoadedEditorAssemblies (725ms)
			LogAssemblyErrors (0ms)
			InitializePlatformSupportModulesInManaged (15ms)
			SetLoadedEditorAssemblies (5ms)
			RefreshPlugins (0ms)
			BeforeProcessingInitializeOnLoad (175ms)
			ProcessInitializeOnLoadAttributes (445ms)
			ProcessInitializeOnLoadMethodAttributes (51ms)
			AfterProcessingInitializeOnLoad (34ms)
			EditorAssembliesLoaded (0ms)
		ExecutionOrderSort2 (0ms)
		AwakeInstancesAfterBackupRestoration (20ms)
Refreshing native plugins compatible for Editor in 21.44 ms, found 4 plugins.
Preloading 0 native plugins for Editor in 0.00 ms.
Unloading 4011 Unused Serialized files (Serialized files now loaded: 0)
Unloading 42 unused Assets / (216.6 KB). Loaded Objects now: 4509.
Memory consumption went from 156.6 MB to 156.4 MB.
Total: 5.095000 ms (FindLiveObjects: 0.429100 ms CreateObjectMapping: 0.194500 ms MarkObjects: 4.146100 ms  DeleteObjects: 0.323700 ms)

Prepare: number of updated asset objects reloaded= 0
AssetImportParameters requested are different than current active one (requested -> active):
  custom:container-demuxer-ogg: 62fdf1f143b41e24485cea50d1cbac27 -> 
  custom:video-decoder-ogg-theora: a1e56fd34408186e4bbccfd4996cb3dc -> 
  custom:framework-win-MediaFoundation: 216162199b28c13a410421893ffa2e32 -> 
  custom:CustomObjectIndexerAttribute: 756ad292c208cfabdd7b50bc23989ffe -> 
  custom:container-demuxer-webm: 4f35f7cbe854078d1ac9338744f61a02 -> 
  custom:container-muxer-webm: aa71ff27fc2769a1b78a27578f13a17b -> 
  custom:video-decoder-webm-vp8: 9c59270c3fd7afecdb556c50c9e8de78 -> 
  custom:SearchIndexIgnoredProperties: e643bd26f0fe6173181afceb89e7c659 -> 
  custom:AudioImporter_EditorPlatform: d09bf68614088b80899f8185d706f6e7 -> 
  custom:video-encoder-webm-vp8: eb34c28f22e8b96e1ab97ce403110664 -> 
  custom:audio-decoder-ogg-vorbis: bf7c407c2cedff20999df2af8eb42d56 -> 
  custom:audio-encoder-webm-vorbis: bf7c407c2cedff20999df2af8eb42d56 -> 
========================================================================
Received Import Request.
  Time since last request: 535.134286 seconds.
  path: Assets/Classic Legacy Pack - Village/Environment/Environment Tiles/Tiles_2.asset
  artifactKey: Guid(50e1b8d957b9e814b85597ec2da45a48) Importer(815301076,1909f56bfc062723c751e8b465ee728b)
Start importing Assets/Classic Legacy Pack - Village/Environment/Environment Tiles/Tiles_2.asset using Guid(50e1b8d957b9e814b85597ec2da45a48) Importer(815301076,1909f56bfc062723c751e8b465ee728b)  -> (artifact id: 'f6a6c5ca3544b784af17c4cbfd284aa4') in 0.105049 seconds
Number of updated asset objects reloaded before import = 0
Number of asset objects unloaded after import = 3
========================================================================
Received Import Request.
  Time since last request: 0.000020 seconds.
  path: Assets/Classic Legacy Pack - Village/Environment/Environment Tiles/Tiles_6.asset
  artifactKey: Guid(79f43bbb85535ec4c93428607c0cd2c0) Importer(815301076,1909f56bfc062723c751e8b465ee728b)
Start importing Assets/Classic Legacy Pack - Village/Environment/Environment Tiles/Tiles_6.asset using Guid(79f43bbb85535ec4c93428607c0cd2c0) Importer(815301076,1909f56bfc062723c751e8b465ee728b)  -> (artifact id: '11fe8100ec3dd826eecfce04231418ec') in 0.012776 seconds
Number of updated asset objects reloaded before import = 0
Number of asset objects unloaded after import = 3
========================================================================
Received Import Request.
  Time since last request: 0.000021 seconds.
  path: Assets/Classic Legacy Pack - Village/Environment/Environment Tiles/Tiles_63.asset
  artifactKey: Guid(dd3b4a40215aeb54dbcc3c18ae85bae1) Importer(815301076,1909f56bfc062723c751e8b465ee728b)
Start importing Assets/Classic Legacy Pack - Village/Environment/Environment Tiles/Tiles_63.asset using Guid(dd3b4a40215aeb54dbcc3c18ae85bae1) Importer(815301076,1909f56bfc062723c751e8b465ee728b)  -> (artifact id: 'a8da799b819a904f59da1f27e5d61735') in 0.008509 seconds
Number of updated asset objects reloaded before import = 0
Number of asset objects unloaded after import = 3
========================================================================
Received Import Request.
  Time since last request: 0.000015 seconds.
  path: Assets/Classic Legacy Pack - Village/Environment/Environment Tiles/Tiles_62.asset
  artifactKey: Guid(81aa18b1dec8afd48baeefa2e2f67124) Importer(815301076,1909f56bfc062723c751e8b465ee728b)
Start importing Assets/Classic Legacy Pack - Village/Environment/Environment Tiles/Tiles_62.asset using Guid(81aa18b1dec8afd48baeefa2e2f67124) Importer(815301076,1909f56bfc062723c751e8b465ee728b)  -> (artifact id: 'c4e08a3880f72c14008bb7be241d845e') in 0.025308 seconds
Number of updated asset objects reloaded before import = 0
Number of asset objects unloaded after import = 3
========================================================================
Received Import Request.
  Time since last request: 0.000016 seconds.
  path: Assets/Classic Legacy Pack - Village/Environment/Environment Tiles/Tiles_17.asset
  artifactKey: Guid(54e48b9e6826ded4b91e24b2e1d04e07) Importer(815301076,1909f56bfc062723c751e8b465ee728b)
Start importing Assets/Classic Legacy Pack - Village/Environment/Environment Tiles/Tiles_17.asset using Guid(54e48b9e6826ded4b91e24b2e1d04e07) Importer(815301076,1909f56bfc062723c751e8b465ee728b)  -> (artifact id: '7e6a3a0967fef48ccd7d3796bf5188d5') in 0.007652 seconds
Number of updated asset objects reloaded before import = 0
Number of asset objects unloaded after import = 3
========================================================================
Received Import Request.
  Time since last request: 0.000016 seconds.
  path: Assets/Classic Legacy Pack - Village/Environment/Environment Tiles/Tiles_40.asset
  artifactKey: Guid(655e084979c2104418f3fad12833f3c6) Importer(815301076,1909f56bfc062723c751e8b465ee728b)
Start importing Assets/Classic Legacy Pack - Village/Environment/Environment Tiles/Tiles_40.asset using Guid(655e084979c2104418f3fad12833f3c6) Importer(815301076,1909f56bfc062723c751e8b465ee728b)  -> (artifact id: '0ff1ec77c9d1423cdc029d876d3fb2c9') in 0.011532 seconds
Number of updated asset objects reloaded before import = 0
Number of asset objects unloaded after import = 3
========================================================================
Received Import Request.
  Time since last request: 0.000016 seconds.
  path: Assets/Classic Legacy Pack - Village/Environment/Environment Tiles/Tiles_49.asset
  artifactKey: Guid(22f97b21badfda24594bc1b13337ca9c) Importer(815301076,1909f56bfc062723c751e8b465ee728b)
Start importing Assets/Classic Legacy Pack - Village/Environment/Environment Tiles/Tiles_49.asset using Guid(22f97b21badfda24594bc1b13337ca9c) Importer(815301076,1909f56bfc062723c751e8b465ee728b)  -> (artifact id: '0da2e966557e824f5e6f0f538747889f') in 0.007289 seconds
Number of updated asset objects reloaded before import = 0
Number of asset objects unloaded after import = 3
========================================================================
Received Import Request.
  Time since last request: 0.000018 seconds.
  path: Assets/Classic Legacy Pack - Village/Environment/Environment Tiles/Tiles_13.asset
  artifactKey: Guid(2245bab85f3a86840bc3a7e2ae7948c8) Importer(815301076,1909f56bfc062723c751e8b465ee728b)
Start importing Assets/Classic Legacy Pack - Village/Environment/Environment Tiles/Tiles_13.asset using Guid(2245bab85f3a86840bc3a7e2ae7948c8) Importer(815301076,1909f56bfc062723c751e8b465ee728b)  -> (artifact id: '5836b9f417c60b4c98d8a26e1311384d') in 0.007305 seconds
Number of updated asset objects reloaded before import = 0
Number of asset objects unloaded after import = 3
========================================================================
Received Import Request.
  Time since last request: 0.000023 seconds.
  path: Assets/Classic Legacy Pack - Village/Environment/Environment Tiles/Tiles_41.asset
  artifactKey: Guid(f7ca3b2d227c13640a9ee293b1321564) Importer(815301076,1909f56bfc062723c751e8b465ee728b)
Start importing Assets/Classic Legacy Pack - Village/Environment/Environment Tiles/Tiles_41.asset using Guid(f7ca3b2d227c13640a9ee293b1321564) Importer(815301076,1909f56bfc062723c751e8b465ee728b)  -> (artifact id: '3ec4ed01d98f50425a70b4e2c3325e49') in 0.007717 seconds
Number of updated asset objects reloaded before import = 0
Number of asset objects unloaded after import = 3
========================================================================
Received Import Request.
  Time since last request: 0.000016 seconds.
  path: Assets/Classic Legacy Pack - Village/Environment/Environment Tiles/Tiles_32.asset
  artifactKey: Guid(5d67ca4f72978844a923c6aa152a4926) Importer(815301076,1909f56bfc062723c751e8b465ee728b)
Start importing Assets/Classic Legacy Pack - Village/Environment/Environment Tiles/Tiles_32.asset using Guid(5d67ca4f72978844a923c6aa152a4926) Importer(815301076,1909f56bfc062723c751e8b465ee728b)  -> (artifact id: '8b2ff3566d842747ab3047b378d577ba') in 0.007380 seconds
Number of updated asset objects reloaded before import = 0
Number of asset objects unloaded after import = 3
========================================================================
Received Import Request.
  Time since last request: 0.000020 seconds.
  path: Assets/Classic Legacy Pack - Village/Environment/Environment Tiles/Tiles_69.asset
  artifactKey: Guid(513068b14fac72a498abdac70664bed3) Importer(815301076,1909f56bfc062723c751e8b465ee728b)
Start importing Assets/Classic Legacy Pack - Village/Environment/Environment Tiles/Tiles_69.asset using Guid(513068b14fac72a498abdac70664bed3) Importer(815301076,1909f56bfc062723c751e8b465ee728b)  -> (artifact id: '1f8ed5c31c0ec5f79a997897b299a6ca') in 0.009784 seconds
Number of updated asset objects reloaded before import = 0
Number of asset objects unloaded after import = 3
========================================================================
Received Import Request.
  Time since last request: 0.000022 seconds.
  path: Assets/Classic Legacy Pack - Village/Environment/Environment Tiles/Tiles_61.asset
  artifactKey: Guid(33771b76fa4451c4ba9787f8af001e46) Importer(815301076,1909f56bfc062723c751e8b465ee728b)
Start importing Assets/Classic Legacy Pack - Village/Environment/Environment Tiles/Tiles_61.asset using Guid(33771b76fa4451c4ba9787f8af001e46) Importer(815301076,1909f56bfc062723c751e8b465ee728b)  -> (artifact id: 'bcbdc9dce52ca265a8b1aa34ed8835f3') in 0.007203 seconds
Number of updated asset objects reloaded before import = 0
Number of asset objects unloaded after import = 3
========================================================================
Received Import Request.
  Time since last request: 0.000025 seconds.
  path: Assets/Classic Legacy Pack - Village/Environment/Environment Tiles/Tiles_84.asset
  artifactKey: Guid(4467013acc0ef834c8bcebb234be37c2) Importer(815301076,1909f56bfc062723c751e8b465ee728b)
Start importing Assets/Classic Legacy Pack - Village/Environment/Environment Tiles/Tiles_84.asset using Guid(4467013acc0ef834c8bcebb234be37c2) Importer(815301076,1909f56bfc062723c751e8b465ee728b)  -> (artifact id: 'ad1847565fc1b6244d9916bfa2015199') in 0.007394 seconds
Number of updated asset objects reloaded before import = 0
Number of asset objects unloaded after import = 3
========================================================================
Received Import Request.
  Time since last request: 0.000017 seconds.
  path: Assets/Classic Legacy Pack - Village/Environment/Environment Tiles/Tiles_36.asset
  artifactKey: Guid(8d24ecd7cfbd24f40b7bbfc51406bc3f) Importer(815301076,1909f56bfc062723c751e8b465ee728b)
Start importing Assets/Classic Legacy Pack - Village/Environment/Environment Tiles/Tiles_36.asset using Guid(8d24ecd7cfbd24f40b7bbfc51406bc3f) Importer(815301076,1909f56bfc062723c751e8b465ee728b)  -> (artifact id: '709984fb7686e4d0a792544ae2ea6e4c') in 0.007464 seconds
Number of updated asset objects reloaded before import = 0
Number of asset objects unloaded after import = 3
========================================================================
Received Import Request.
  Time since last request: 0.000019 seconds.
  path: Assets/Classic Legacy Pack - Village/Environment/Environment Tiles/Tiles_44.asset
  artifactKey: Guid(202511c3053bd514abcead7bd80941c7) Importer(815301076,1909f56bfc062723c751e8b465ee728b)
Start importing Assets/Classic Legacy Pack - Village/Environment/Environment Tiles/Tiles_44.asset using Guid(202511c3053bd514abcead7bd80941c7) Importer(815301076,1909f56bfc062723c751e8b465ee728b)  -> (artifact id: '20773bb7277a919b5f7594b9289cca58') in 0.007673 seconds
Number of updated asset objects reloaded before import = 0
Number of asset objects unloaded after import = 3
========================================================================
Received Import Request.
  Time since last request: 0.000017 seconds.
  path: Assets/Classic Legacy Pack - Village/Environment/Environment Tiles/Tiles_10.asset
  artifactKey: Guid(dc08e1042a7bcb14bba63c255837ad0b) Importer(815301076,1909f56bfc062723c751e8b465ee728b)
Start importing Assets/Classic Legacy Pack - Village/Environment/Environment Tiles/Tiles_10.asset using Guid(dc08e1042a7bcb14bba63c255837ad0b) Importer(815301076,1909f56bfc062723c751e8b465ee728b)  -> (artifact id: 'dbf6181cc0d364e753676b10a414391d') in 0.008349 seconds
Number of updated asset objects reloaded before import = 0
Number of asset objects unloaded after import = 3
========================================================================
Received Import Request.
  Time since last request: 0.000015 seconds.
  path: Assets/Classic Legacy Pack - Village/Environment/Environment Tiles/Tiles_8.asset
  artifactKey: Guid(e0a5299b82c73294995d2c7b08bb15c6) Importer(815301076,1909f56bfc062723c751e8b465ee728b)
Start importing Assets/Classic Legacy Pack - Village/Environment/Environment Tiles/Tiles_8.asset using Guid(e0a5299b82c73294995d2c7b08bb15c6) Importer(815301076,1909f56bfc062723c751e8b465ee728b)  -> (artifact id: '6851919065aa3440f7a72896c09488eb') in 0.008011 seconds
Number of updated asset objects reloaded before import = 0
Number of asset objects unloaded after import = 3
========================================================================
Received Import Request.
  Time since last request: 0.000020 seconds.
  path: Assets/Classic Legacy Pack - Village/Environment/Environment Tiles/Tiles_27.asset
  artifactKey: Guid(7666a29f7ddfe5d4f9c3386211633bb1) Importer(815301076,1909f56bfc062723c751e8b465ee728b)
Start importing Assets/Classic Legacy Pack - Village/Environment/Environment Tiles/Tiles_27.asset using Guid(7666a29f7ddfe5d4f9c3386211633bb1) Importer(815301076,1909f56bfc062723c751e8b465ee728b)  -> (artifact id: '0a576208699fbddb0dff2315a5829b6d') in 0.007959 seconds
Number of updated asset objects reloaded before import = 0
Number of asset objects unloaded after import = 3
========================================================================
Received Import Request.
  Time since last request: 0.000019 seconds.
  path: Assets/Classic Legacy Pack - Village/Environment/Environment Tiles/Tiles_64.asset
  artifactKey: Guid(989c539950479e641b60c0105c09555f) Importer(815301076,1909f56bfc062723c751e8b465ee728b)
Start importing Assets/Classic Legacy Pack - Village/Environment/Environment Tiles/Tiles_64.asset using Guid(989c539950479e641b60c0105c09555f) Importer(815301076,1909f56bfc062723c751e8b465ee728b)  -> (artifact id: '1815faa3fd0387818a08cf3cc84ab1ec') in 0.007671 seconds
Number of updated asset objects reloaded before import = 0
Number of asset objects unloaded after import = 3
========================================================================
Received Import Request.
  Time since last request: 0.000018 seconds.
  path: Assets/Classic Legacy Pack - Village/Environment/Environment Tiles/Tiles_45.asset
  artifactKey: Guid(28f99b18dc017fa4394153bc267c2814) Importer(815301076,1909f56bfc062723c751e8b465ee728b)
Start importing Assets/Classic Legacy Pack - Village/Environment/Environment Tiles/Tiles_45.asset using Guid(28f99b18dc017fa4394153bc267c2814) Importer(815301076,1909f56bfc062723c751e8b465ee728b)  -> (artifact id: 'ab81b80d4451d641039409acf96b30e2') in 0.007664 seconds
Number of updated asset objects reloaded before import = 0
Number of asset objects unloaded after import = 3
========================================================================
Received Import Request.
  Time since last request: 0.000016 seconds.
  path: Assets/Classic Legacy Pack - Village/Environment/Environment Tiles/Tiles_43.asset
  artifactKey: Guid(829c10604f7274e45a999017310e4869) Importer(815301076,1909f56bfc062723c751e8b465ee728b)
Start importing Assets/Classic Legacy Pack - Village/Environment/Environment Tiles/Tiles_43.asset using Guid(829c10604f7274e45a999017310e4869) Importer(815301076,1909f56bfc062723c751e8b465ee728b)  -> (artifact id: '132ef02aa92f61b081d85783c3d0e7cf') in 0.007653 seconds
Number of updated asset objects reloaded before import = 0
Number of asset objects unloaded after import = 3
========================================================================
Received Import Request.
  Time since last request: 0.000017 seconds.
  path: Assets/Classic Legacy Pack - Village/Environment/Environment Tiles/Tiles_59.asset
  artifactKey: Guid(1f00de85dd0fd944d8c31fd087a96854) Importer(815301076,1909f56bfc062723c751e8b465ee728b)
Start importing Assets/Classic Legacy Pack - Village/Environment/Environment Tiles/Tiles_59.asset using Guid(1f00de85dd0fd944d8c31fd087a96854) Importer(815301076,1909f56bfc062723c751e8b465ee728b)  -> (artifact id: 'fc6cb270efc1f839b054ce0095462f6d') in 0.008257 seconds
Number of updated asset objects reloaded before import = 0
Number of asset objects unloaded after import = 3
========================================================================
Received Import Request.
  Time since last request: 0.000021 seconds.
  path: Assets/Classic Legacy Pack - Village/Environment/Environment Tiles/Tiles_76.asset
  artifactKey: Guid(85bff35375cffd246bc218cbd24ee4f7) Importer(815301076,1909f56bfc062723c751e8b465ee728b)
Start importing Assets/Classic Legacy Pack - Village/Environment/Environment Tiles/Tiles_76.asset using Guid(85bff35375cffd246bc218cbd24ee4f7) Importer(815301076,1909f56bfc062723c751e8b465ee728b)  -> (artifact id: '8dca49c3297a9309a385b991c8f2736b') in 0.013358 seconds
Number of updated asset objects reloaded before import = 0
Number of asset objects unloaded after import = 3
========================================================================
Received Import Request.
  Time since last request: 0.000016 seconds.
  path: Assets/Classic Legacy Pack - Village/Environment/Environment Tiles/Tiles_72.asset
  artifactKey: Guid(63d427b133a3838478998abf023a921e) Importer(815301076,1909f56bfc062723c751e8b465ee728b)
Start importing Assets/Classic Legacy Pack - Village/Environment/Environment Tiles/Tiles_72.asset using Guid(63d427b133a3838478998abf023a921e) Importer(815301076,1909f56bfc062723c751e8b465ee728b)  -> (artifact id: '43f55408be03ab362f7f59eeafd9a8a0') in 0.007421 seconds
Number of updated asset objects reloaded before import = 0
Number of asset objects unloaded after import = 3
========================================================================
Received Import Request.
  Time since last request: 0.000017 seconds.
  path: Assets/Classic Legacy Pack - Village/Environment/Environment Tiles/Tiles_90.asset
  artifactKey: Guid(472e8f9c40040df44a6b808ac9b19a65) Importer(815301076,1909f56bfc062723c751e8b465ee728b)
Start importing Assets/Classic Legacy Pack - Village/Environment/Environment Tiles/Tiles_90.asset using Guid(472e8f9c40040df44a6b808ac9b19a65) Importer(815301076,1909f56bfc062723c751e8b465ee728b)  -> (artifact id: '8bbab2d5d33c1439fbe45081c329b990') in 0.007650 seconds
Number of updated asset objects reloaded before import = 0
Number of asset objects unloaded after import = 3
========================================================================
Received Import Request.
  Time since last request: 0.000020 seconds.
  path: Assets/Classic Legacy Pack - Village/Environment/Environment Tiles/Tiles_82.asset
  artifactKey: Guid(6d5a5adb81843f14aab202cb0ce66878) Importer(815301076,1909f56bfc062723c751e8b465ee728b)
Start importing Assets/Classic Legacy Pack - Village/Environment/Environment Tiles/Tiles_82.asset using Guid(6d5a5adb81843f14aab202cb0ce66878) Importer(815301076,1909f56bfc062723c751e8b465ee728b)  -> (artifact id: '5286eb706f384fbb5e2004562999df9a') in 0.007540 seconds
Number of updated asset objects reloaded before import = 0
Number of asset objects unloaded after import = 3
========================================================================
Received Import Request.
  Time since last request: 0.000016 seconds.
  path: Assets/Classic Legacy Pack - Village/Environment/Environment Tiles/Tiles_57.asset
  artifactKey: Guid(06e59a615829fe9499e6a10cf0afc760) Importer(815301076,1909f56bfc062723c751e8b465ee728b)
Start importing Assets/Classic Legacy Pack - Village/Environment/Environment Tiles/Tiles_57.asset using Guid(06e59a615829fe9499e6a10cf0afc760) Importer(815301076,1909f56bfc062723c751e8b465ee728b)  -> (artifact id: '8adfe487a4e03b746b34fa2e0bec531c') in 0.007957 seconds
Number of updated asset objects reloaded before import = 0
Number of asset objects unloaded after import = 3
========================================================================
Received Import Request.
  Time since last request: 0.000016 seconds.
  path: Assets/Classic Legacy Pack - Village/Environment/Environment Tiles/Tiles_89.asset
  artifactKey: Guid(80a315af19a1ded4baf7eb4929f0f08a) Importer(815301076,1909f56bfc062723c751e8b465ee728b)
Start importing Assets/Classic Legacy Pack - Village/Environment/Environment Tiles/Tiles_89.asset using Guid(80a315af19a1ded4baf7eb4929f0f08a) Importer(815301076,1909f56bfc062723c751e8b465ee728b)  -> (artifact id: '4481241636f8c2f6da9d08621055989d') in 0.009954 seconds
Number of updated asset objects reloaded before import = 0
Number of asset objects unloaded after import = 3
========================================================================
Received Import Request.
  Time since last request: 0.000024 seconds.
  path: Assets/Classic Legacy Pack - Village/Environment/Environment Tiles/Tiles_56.asset
  artifactKey: Guid(3dbcd6ee95e6f8e4cafbfa3300a8d63d) Importer(815301076,1909f56bfc062723c751e8b465ee728b)
Start importing Assets/Classic Legacy Pack - Village/Environment/Environment Tiles/Tiles_56.asset using Guid(3dbcd6ee95e6f8e4cafbfa3300a8d63d) Importer(815301076,1909f56bfc062723c751e8b465ee728b)  -> (artifact id: '5c841849438d4642be85d70e73c04989') in 0.011848 seconds
Number of updated asset objects reloaded before import = 0
Number of asset objects unloaded after import = 3
========================================================================
Received Import Request.
  Time since last request: 0.000018 seconds.
  path: Assets/Classic Legacy Pack - Village/Environment/Environment Tiles/Tiles_80.asset
  artifactKey: Guid(dab5b4710a16e2148af59d643fb63ab8) Importer(815301076,1909f56bfc062723c751e8b465ee728b)
Start importing Assets/Classic Legacy Pack - Village/Environment/Environment Tiles/Tiles_80.asset using Guid(dab5b4710a16e2148af59d643fb63ab8) Importer(815301076,1909f56bfc062723c751e8b465ee728b)  -> (artifact id: '2488b08969fe5372c1b565e3ce8be9a8') in 0.007253 seconds
Number of updated asset objects reloaded before import = 0
Number of asset objects unloaded after import = 3
========================================================================
Received Import Request.
  Time since last request: 0.000018 seconds.
  path: Assets/Classic Legacy Pack - Village/Environment/Environment Tiles/Tiles_74.asset
  artifactKey: Guid(850fe8aa512fa2e41bb1f097edae6bc5) Importer(815301076,1909f56bfc062723c751e8b465ee728b)
Start importing Assets/Classic Legacy Pack - Village/Environment/Environment Tiles/Tiles_74.asset using Guid(850fe8aa512fa2e41bb1f097edae6bc5) Importer(815301076,1909f56bfc062723c751e8b465ee728b)  -> (artifact id: '562cce620d7d2791b999cb6451405128') in 0.007847 seconds
Number of updated asset objects reloaded before import = 0
Number of asset objects unloaded after import = 3
========================================================================
Received Import Request.
  Time since last request: 0.000024 seconds.
  path: Assets/Classic Legacy Pack - Village/Environment/Environment Tiles/Tiles_88.asset
  artifactKey: Guid(f5b40a9ee0c7e8a4c8b0174058e6c620) Importer(815301076,1909f56bfc062723c751e8b465ee728b)
Start importing Assets/Classic Legacy Pack - Village/Environment/Environment Tiles/Tiles_88.asset using Guid(f5b40a9ee0c7e8a4c8b0174058e6c620) Importer(815301076,1909f56bfc062723c751e8b465ee728b)  -> (artifact id: 'd8639199d1668cafcdf8118d332f68e0') in 0.007299 seconds
Number of updated asset objects reloaded before import = 0
Number of asset objects unloaded after import = 3
========================================================================
Received Import Request.
  Time since last request: 0.000015 seconds.
  path: Assets/Classic Legacy Pack - Village/Environment/Environment Tiles/Tiles_11.asset
  artifactKey: Guid(2d7ace452eced9049b37509d186f8ddd) Importer(815301076,1909f56bfc062723c751e8b465ee728b)
Start importing Assets/Classic Legacy Pack - Village/Environment/Environment Tiles/Tiles_11.asset using Guid(2d7ace452eced9049b37509d186f8ddd) Importer(815301076,1909f56bfc062723c751e8b465ee728b)  -> (artifact id: '9b7efa8a7e355067ccccc9832332b1f5') in 0.007769 seconds
Number of updated asset objects reloaded before import = 0
Number of asset objects unloaded after import = 3
========================================================================
Received Import Request.
  Time since last request: 0.000017 seconds.
  path: Assets/Classic Legacy Pack - Village/Environment/Environment Tiles/Tiles_47.asset
  artifactKey: Guid(845233ab53e336246839de22c7a3c35a) Importer(815301076,1909f56bfc062723c751e8b465ee728b)
Start importing Assets/Classic Legacy Pack - Village/Environment/Environment Tiles/Tiles_47.asset using Guid(845233ab53e336246839de22c7a3c35a) Importer(815301076,1909f56bfc062723c751e8b465ee728b)  -> (artifact id: '56b5b6c136cb2bae0c87ebc6506cbf6a') in 0.009235 seconds
Number of updated asset objects reloaded before import = 0
Number of asset objects unloaded after import = 3
========================================================================
Received Import Request.
  Time since last request: 0.000015 seconds.
  path: Assets/Classic Legacy Pack - Village/Environment/Environment Tiles/Tiles_42.asset
  artifactKey: Guid(b9e3157a530ef1542aef5cfb274d3163) Importer(815301076,1909f56bfc062723c751e8b465ee728b)
Start importing Assets/Classic Legacy Pack - Village/Environment/Environment Tiles/Tiles_42.asset using Guid(b9e3157a530ef1542aef5cfb274d3163) Importer(815301076,1909f56bfc062723c751e8b465ee728b)  -> (artifact id: 'd2a048faf84e4c98a143aa7bea53b8ff') in 0.007483 seconds
Number of updated asset objects reloaded before import = 0
Number of asset objects unloaded after import = 3
========================================================================
Received Import Request.
  Time since last request: 0.000016 seconds.
  path: Assets/Classic Legacy Pack - Village/Environment/Environment Tiles/Tiles_55.asset
  artifactKey: Guid(f68963aa172193d40a4dfd8a43b364de) Importer(815301076,1909f56bfc062723c751e8b465ee728b)
Start importing Assets/Classic Legacy Pack - Village/Environment/Environment Tiles/Tiles_55.asset using Guid(f68963aa172193d40a4dfd8a43b364de) Importer(815301076,1909f56bfc062723c751e8b465ee728b)  -> (artifact id: '8525c1cccb5530fbe742df2ed7102015') in 0.007481 seconds
Number of updated asset objects reloaded before import = 0
Number of asset objects unloaded after import = 3
========================================================================
Received Import Request.
  Time since last request: 0.000019 seconds.
  path: Assets/Classic Legacy Pack - Village/Environment/Environment Tiles/Tiles_51.asset
  artifactKey: Guid(1c0544f95ccc3d143bea5cfe00d46399) Importer(815301076,1909f56bfc062723c751e8b465ee728b)
Start importing Assets/Classic Legacy Pack - Village/Environment/Environment Tiles/Tiles_51.asset using Guid(1c0544f95ccc3d143bea5cfe00d46399) Importer(815301076,1909f56bfc062723c751e8b465ee728b)  -> (artifact id: '45451b47ed569061fb4cc16652294c4f') in 0.007285 seconds
Number of updated asset objects reloaded before import = 0
Number of asset objects unloaded after import = 3
========================================================================
Received Import Request.
  Time since last request: 0.000015 seconds.
  path: Assets/Classic Legacy Pack - Village/Environment/Environment Tiles/Tiles_68.asset
  artifactKey: Guid(638bbe6fc1a0d6946b77040f63082f19) Importer(815301076,1909f56bfc062723c751e8b465ee728b)
Start importing Assets/Classic Legacy Pack - Village/Environment/Environment Tiles/Tiles_68.asset using Guid(638bbe6fc1a0d6946b77040f63082f19) Importer(815301076,1909f56bfc062723c751e8b465ee728b)  -> (artifact id: 'd4ec83eb7fb5ac7a81369c6e76bc2110') in 0.007924 seconds
Number of updated asset objects reloaded before import = 0
Number of asset objects unloaded after import = 3
========================================================================
Received Import Request.
  Time since last request: 0.000020 seconds.
  path: Assets/Classic Legacy Pack - Village/Environment/Environment Tiles/Tiles_34.asset
  artifactKey: Guid(fddb75f522f114447a7f51417fee2510) Importer(815301076,1909f56bfc062723c751e8b465ee728b)
Start importing Assets/Classic Legacy Pack - Village/Environment/Environment Tiles/Tiles_34.asset using Guid(fddb75f522f114447a7f51417fee2510) Importer(815301076,1909f56bfc062723c751e8b465ee728b)  -> (artifact id: 'f8dbe99d87d4fea542343c5963f3aeca') in 0.008064 seconds
Number of updated asset objects reloaded before import = 0
Number of asset objects unloaded after import = 3
========================================================================
Received Import Request.
  Time since last request: 0.000015 seconds.
  path: Assets/Classic Legacy Pack - Village/Environment/Environment Tiles/Tiles_19.asset
  artifactKey: Guid(bf8bbe1fe0df76240816897441ee9cf8) Importer(815301076,1909f56bfc062723c751e8b465ee728b)
Start importing Assets/Classic Legacy Pack - Village/Environment/Environment Tiles/Tiles_19.asset using Guid(bf8bbe1fe0df76240816897441ee9cf8) Importer(815301076,1909f56bfc062723c751e8b465ee728b)  -> (artifact id: 'e1e5accd613db6804a72442858c5bff6') in 0.008993 seconds
Number of updated asset objects reloaded before import = 0
Number of asset objects unloaded after import = 3
========================================================================
Received Import Request.
  Time since last request: 4.348829 seconds.
  path: Assets/Classic Legacy Pack - Village/Environment/Environment Tiles/Tiles_92.asset
  artifactKey: Guid(fac6cdbe24f86774181282902bb4316d) Importer(815301076,1909f56bfc062723c751e8b465ee728b)
Start importing Assets/Classic Legacy Pack - Village/Environment/Environment Tiles/Tiles_92.asset using Guid(fac6cdbe24f86774181282902bb4316d) Importer(815301076,1909f56bfc062723c751e8b465ee728b)  -> (artifact id: '9f43265e105d15dc9bd5519e054c86a1') in 0.007000 seconds
Number of updated asset objects reloaded before import = 0
Number of asset objects unloaded after import = 3
========================================================================
Received Import Request.
  Time since last request: 0.000015 seconds.
  path: Assets/Classic Legacy Pack - Village/Environment/Environment Tiles/Tiles_95.asset
  artifactKey: Guid(cfdebb2bc1fd6d3409d4493c308ec55a) Importer(815301076,1909f56bfc062723c751e8b465ee728b)
Start importing Assets/Classic Legacy Pack - Village/Environment/Environment Tiles/Tiles_95.asset using Guid(cfdebb2bc1fd6d3409d4493c308ec55a) Importer(815301076,1909f56bfc062723c751e8b465ee728b)  -> (artifact id: '656d79b99e4ce6985b2907491cda2946') in 0.007938 seconds
Number of updated asset objects reloaded before import = 0
Number of asset objects unloaded after import = 3
========================================================================
Received Import Request.
  Time since last request: 0.000022 seconds.
  path: Assets/Classic Legacy Pack - Village/Environment/Environment Tiles/Tiles_105.asset
  artifactKey: Guid(e9072728750be4441990341db58b3c8c) Importer(815301076,1909f56bfc062723c751e8b465ee728b)
Start importing Assets/Classic Legacy Pack - Village/Environment/Environment Tiles/Tiles_105.asset using Guid(e9072728750be4441990341db58b3c8c) Importer(815301076,1909f56bfc062723c751e8b465ee728b)  -> (artifact id: 'fcf5cf629bcc71a5e478b965672eebf5') in 0.007341 seconds
Number of updated asset objects reloaded before import = 0
Number of asset objects unloaded after import = 3
========================================================================
Received Import Request.
  Time since last request: 0.000020 seconds.
  path: Assets/Classic Legacy Pack - Village/Environment/Environment Tiles/Tiles_101.asset
  artifactKey: Guid(e9e5ba2c66f820d4b9892ba7fc97e936) Importer(815301076,1909f56bfc062723c751e8b465ee728b)
Start importing Assets/Classic Legacy Pack - Village/Environment/Environment Tiles/Tiles_101.asset using Guid(e9e5ba2c66f820d4b9892ba7fc97e936) Importer(815301076,1909f56bfc062723c751e8b465ee728b)  -> (artifact id: 'be081c51c6c36425e5183a1dc7148e90') in 0.009822 seconds
Number of updated asset objects reloaded before import = 0
Number of asset objects unloaded after import = 3
========================================================================
Received Import Request.
  Time since last request: 0.000014 seconds.
  path: Assets/Classic Legacy Pack - Village/Environment/Environment Tiles/Tiles_97.asset
  artifactKey: Guid(e68b0b5821a50ed4e8f0f119681809c5) Importer(815301076,1909f56bfc062723c751e8b465ee728b)
Start importing Assets/Classic Legacy Pack - Village/Environment/Environment Tiles/Tiles_97.asset using Guid(e68b0b5821a50ed4e8f0f119681809c5) Importer(815301076,1909f56bfc062723c751e8b465ee728b)  -> (artifact id: 'f5f99e42eae0127749d4fb62f167666b') in 0.007169 seconds
Number of updated asset objects reloaded before import = 0
Number of asset objects unloaded after import = 3
========================================================================
Received Import Request.
  Time since last request: 0.000016 seconds.
  path: Assets/Classic Legacy Pack - Village/Environment/Environment Tiles/Tiles_94.asset
  artifactKey: Guid(2f36a42564b816042be97bb00424effe) Importer(815301076,1909f56bfc062723c751e8b465ee728b)
Start importing Assets/Classic Legacy Pack - Village/Environment/Environment Tiles/Tiles_94.asset using Guid(2f36a42564b816042be97bb00424effe) Importer(815301076,1909f56bfc062723c751e8b465ee728b)  -> (artifact id: '6710f1ade1bacc1261a142125636afcc') in 0.007073 seconds
Number of updated asset objects reloaded before import = 0
Number of asset objects unloaded after import = 3
========================================================================
Received Import Request.
  Time since last request: 0.000016 seconds.
  path: Assets/Classic Legacy Pack - Village/Environment/Environment Tiles/Tiles_96.asset
  artifactKey: Guid(f4d427ac68fbb4c41987f4625136d4de) Importer(815301076,1909f56bfc062723c751e8b465ee728b)
Start importing Assets/Classic Legacy Pack - Village/Environment/Environment Tiles/Tiles_96.asset using Guid(f4d427ac68fbb4c41987f4625136d4de) Importer(815301076,1909f56bfc062723c751e8b465ee728b)  -> (artifact id: 'ebe464c29ae68f58baea1dd781551f34') in 0.008267 seconds
Number of updated asset objects reloaded before import = 0
Number of asset objects unloaded after import = 3
========================================================================
Received Import Request.
  Time since last request: 0.000019 seconds.
  path: Assets/Classic Legacy Pack - Village/Environment/Environment Tiles/Tiles_102.asset
  artifactKey: Guid(b60adff60b810c64992ffd707c7ec814) Importer(815301076,1909f56bfc062723c751e8b465ee728b)
Start importing Assets/Classic Legacy Pack - Village/Environment/Environment Tiles/Tiles_102.asset using Guid(b60adff60b810c64992ffd707c7ec814) Importer(815301076,1909f56bfc062723c751e8b465ee728b)  -> (artifact id: 'fa2b140522f32c2911f9a5cc182326ae') in 0.007136 seconds
Number of updated asset objects reloaded before import = 0
Number of asset objects unloaded after import = 3
========================================================================
Received Import Request.
  Time since last request: 0.000016 seconds.
  path: Assets/Classic Legacy Pack - Village/Environment/Environment Tiles/Tiles_103.asset
  artifactKey: Guid(a19df60367124bc4eaaa9e05618868e2) Importer(815301076,1909f56bfc062723c751e8b465ee728b)
Start importing Assets/Classic Legacy Pack - Village/Environment/Environment Tiles/Tiles_103.asset using Guid(a19df60367124bc4eaaa9e05618868e2) Importer(815301076,1909f56bfc062723c751e8b465ee728b)  -> (artifact id: '90c11e1e116017d3c353bcd93a01f76d') in 0.011914 seconds
Number of updated asset objects reloaded before import = 0
Number of asset objects unloaded after import = 3
